#
# There is insufficient memory for the Java Runtime Environment to continue.
# Native memory allocation (mmap) failed to map 266338304 bytes for G1 virtual space
# Possible reasons:
#   The system is out of physical RAM or swap space
#   The process is running with CompressedOops enabled, and the Java Heap may be blocking the growth of the native heap
# Possible solutions:
#   Reduce memory load on the system
#   Increase physical memory or swap space
#   Check if swap backing store is full
#   Decrease Java heap size (-Xmx/-Xms)
#   Decrease number of Java threads
#   Decrease Java thread stack sizes (-Xss)
#   Set larger code cache with -XX:ReservedCodeCacheSize=
#   JVM is running with Zero Based Compressed Oops mode in which the Java heap is
#     placed in the first 32GB address space. The Java Heap base address is the
#     maximum limit for the native heap growth. Please use -XX:HeapBaseMinAddress
#     to set the Java Heap base and to place the Java Heap above 32GB virtual address.
# This output file may be truncated or incomplete.
#
#  Out of Memory Error (os_windows.cpp:3753), pid=27440, tid=5512
#
# JRE version:  (17.0.4+7) (build )
# Java VM: OpenJDK 64-Bit Server VM (17.0.4+7-b469.53, mixed mode, sharing, tiered, compressed oops, compressed class ptrs, g1 gc, windows-amd64)
# No core dump will be written. Minidumps are not enabled by default on client versions of Windows
#

---------------  S U M M A R Y ------------

Command Line: git4idea.http.GitAskPassApp Username for 'https://github.com': 

Host: Intel(R) Core(TM) i5-10200H CPU @ 2.40GHz, 8 cores, 15G,  Windows 11 , 64 bit Build 22621 (10.0.22621.1778)
Time: Sun Nov 26 03:28:07 2023  Windows 11 , 64 bit Build 22621 (10.0.22621.1778) elapsed time: 0.016886 seconds (0d 0h 0m 0s)

---------------  T H R E A D  ---------------

Current thread (0x00000224648b4c70):  JavaThread "Unknown thread" [_thread_in_vm, id=5512, stack(0x00000077e4700000,0x00000077e4800000)]

Stack: [0x00000077e4700000,0x00000077e4800000]
Native frames: (J=compiled Java code, j=interpreted, Vv=VM code, C=native code)
V  [jvm.dll+0x68348a]
V  [jvm.dll+0x83faf4]
V  [jvm.dll+0x84129e]
V  [jvm.dll+0x841903]
V  [jvm.dll+0x2494a5]
V  [jvm.dll+0x680359]
V  [jvm.dll+0x67499a]
V  [jvm.dll+0x3092db]
V  [jvm.dll+0x310796]
V  [jvm.dll+0x36077e]
V  [jvm.dll+0x3609af]
V  [jvm.dll+0x2df3c8]
V  [jvm.dll+0x2e0334]
V  [jvm.dll+0x8112e1]
V  [jvm.dll+0x36e5d1]
V  [jvm.dll+0x7f06bc]
V  [jvm.dll+0x3f16ef]
V  [jvm.dll+0x3f3231]
C  [jli.dll+0x526b]
C  [ucrtbase.dll+0x29363]
C  [KERNEL32.DLL+0x126ad]
C  [ntdll.dll+0x5a9f8]


---------------  P R O C E S S  ---------------

Threads class SMR info:
_java_thread_list=0x00007ffb36397f18, length=0, elements={
}

Java Threads: ( => current thread )

Other Threads:
  0x000002246491f2c0 GCTaskThread "GC Thread#0" [stack: 0x00000077e4800000,0x00000077e4900000] [id=2952]
  0x0000022464932020 ConcurrentGCThread "G1 Main Marker" [stack: 0x00000077e4900000,0x00000077e4a00000] [id=16188]
  0x0000022464933a40 ConcurrentGCThread "G1 Conc#0" [stack: 0x00000077e4a00000,0x00000077e4b00000] [id=26636]

[error occurred during error reporting (printing all threads), id 0xc0000005, EXCEPTION_ACCESS_VIOLATION (0xc0000005) at pc=0x00007ffb35b4ff87]

VM state: not at safepoint (not fully initialized)

VM Mutex/Monitor currently owned by a thread:  ([mutex/lock_event])
[0x00000224648b18e0] Heap_lock - owner thread: 0x00000224648b4c70

Heap address: 0x0000000702000000, size: 4064 MB, Compressed Oops mode: Zero based, Oop shift amount: 3

CDS archive(s) mapped at: [0x0000000000000000-0x0000000000000000-0x0000000000000000), size 0, SharedBaseAddress: 0x0000000800000000, ArchiveRelocationMode: 0.
Narrow klass base: 0x0000000000000000, Narrow klass shift: 0, Narrow klass range: 0x0

GC Precious Log:
<Empty>

Heap:
 garbage-first heap   total 0K, used 0K [0x0000000702000000, 0x0000000800000000)
  region size 2048K, 0 young (0K), 0 survivors (0K)

[error occurred during error reporting (printing heap information), id 0xc0000005, EXCEPTION_ACCESS_VIOLATION (0xc0000005) at pc=0x00007ffb35f3d119]

GC Heap History (0 events):
No events

Deoptimization events (0 events):
No events

Classes unloaded (0 events):
No events

Classes redefined (0 events):
No events

Internal exceptions (0 events):
No events

VM Operations (0 events):
No events

Events (1 events):
Event: 0.008 Loaded shared library D:\program\IntelliJ IDEA 2022.2.2\jbr\bin\java.dll


Dynamic libraries:
0x00007ff6d8c00000 - 0x00007ff6d8c0a000 	D:\program\IntelliJ IDEA 2022.2.2\jbr\bin\java.exe
0x00007ffbb02d0000 - 0x00007ffbb04e4000 	C:\WINDOWS\SYSTEM32\ntdll.dll
0x00007ffbafc10000 - 0x00007ffbafcd2000 	C:\WINDOWS\System32\KERNEL32.DLL
0x00007ffbadd00000 - 0x00007ffbae0a3000 	C:\WINDOWS\System32\KERNELBASE.dll
0x00007ffbad790000 - 0x00007ffbad8a1000 	C:\WINDOWS\System32\ucrtbase.dll
0x00007ffba8680000 - 0x00007ffba8697000 	D:\program\IntelliJ IDEA 2022.2.2\jbr\bin\jli.dll
0x00007ffb98600000 - 0x00007ffb9861b000 	D:\program\IntelliJ IDEA 2022.2.2\jbr\bin\VCRUNTIME140.dll
0x00007ffbaf190000 - 0x00007ffbaf33b000 	C:\WINDOWS\System32\USER32.dll
0x00007ffbad950000 - 0x00007ffbad976000 	C:\WINDOWS\System32\win32u.dll
0x00007ffb98b00000 - 0x00007ffb98d8e000 	C:\WINDOWS\WinSxS\amd64_microsoft.windows.common-controls_6595b64144ccf1df_6.0.22621.1635_none_270f70857386168e\COMCTL32.dll
0x00007ffbae280000 - 0x00007ffbae2a9000 	C:\WINDOWS\System32\GDI32.dll
0x00007ffbb0040000 - 0x00007ffbb00e7000 	C:\WINDOWS\System32\msvcrt.dll
0x00007ffbad980000 - 0x00007ffbada99000 	C:\WINDOWS\System32\gdi32full.dll
0x00007ffbad8b0000 - 0x00007ffbad94a000 	C:\WINDOWS\System32\msvcp_win.dll
0x00007ffbae880000 - 0x00007ffbae8b1000 	C:\WINDOWS\System32\IMM32.DLL
0x000000006ef70000 - 0x000000006ef7c000 	F:\program\360safe\safemon\SafeWrapper.dll
0x00007ffbaf530000 - 0x00007ffbaf5de000 	C:\WINDOWS\System32\ADVAPI32.dll
0x00007ffbaf5f0000 - 0x00007ffbaf694000 	C:\WINDOWS\System32\sechost.dll
0x00007ffbae160000 - 0x00007ffbae277000 	C:\WINDOWS\System32\RPCRT4.dll
0x00007ffb97f80000 - 0x00007ffb9802c000 	F:\program\360safe\safemon\libzdtp64.dll
0x00007ffbae990000 - 0x00007ffbaf18a000 	C:\WINDOWS\System32\SHELL32.dll
0x00007ffbae8c0000 - 0x00007ffbae91e000 	C:\WINDOWS\System32\SHLWAPI.dll
0x00007ffbad310000 - 0x00007ffbad31a000 	C:\WINDOWS\SYSTEM32\VERSION.dll
0x00007ffba8720000 - 0x00007ffba872c000 	D:\program\IntelliJ IDEA 2022.2.2\jbr\bin\vcruntime140_1.dll
0x00007ffb61e50000 - 0x00007ffb61edd000 	D:\program\IntelliJ IDEA 2022.2.2\jbr\bin\msvcp140.dll
0x00007ffb35860000 - 0x00007ffb364c9000 	D:\program\IntelliJ IDEA 2022.2.2\jbr\bin\server\jvm.dll
0x00007ffbafe50000 - 0x00007ffbafe58000 	C:\WINDOWS\System32\PSAPI.DLL
0x00007ffbaa660000 - 0x00007ffbaa669000 	C:\WINDOWS\SYSTEM32\WSOCK32.dll
0x00007ffba4c90000 - 0x00007ffba4cc4000 	C:\WINDOWS\SYSTEM32\WINMM.dll
0x00007ffbaf380000 - 0x00007ffbaf3f1000 	C:\WINDOWS\System32\WS2_32.dll
0x00007ffbac6b0000 - 0x00007ffbac6c8000 	C:\WINDOWS\SYSTEM32\kernel.appcore.dll
0x00007ffbaa650000 - 0x00007ffbaa65a000 	D:\program\IntelliJ IDEA 2022.2.2\jbr\bin\jimage.dll
0x00007ffbab020000 - 0x00007ffbab24e000 	C:\WINDOWS\SYSTEM32\DBGHELP.DLL
0x00007ffbae2b0000 - 0x00007ffbae639000 	C:\WINDOWS\System32\combase.dll
0x00007ffbaff60000 - 0x00007ffbb0037000 	C:\WINDOWS\System32\OLEAUT32.dll
0x00007ffb95630000 - 0x00007ffb95662000 	C:\WINDOWS\SYSTEM32\dbgcore.DLL
0x00007ffbadb10000 - 0x00007ffbadb8b000 	C:\WINDOWS\System32\bcryptPrimitives.dll
0x00007ffba56d0000 - 0x00007ffba56f5000 	D:\program\IntelliJ IDEA 2022.2.2\jbr\bin\java.dll

dbghelp: loaded successfully - version: 4.0.5 - missing functions: none
symbol engine: initialized successfully - sym options: 0x614 - pdb path: .;D:\program\IntelliJ IDEA 2022.2.2\jbr\bin;C:\WINDOWS\SYSTEM32;C:\WINDOWS\WinSxS\amd64_microsoft.windows.common-controls_6595b64144ccf1df_6.0.22621.1635_none_270f70857386168e;F:\program\360safe\safemon;D:\program\IntelliJ IDEA 2022.2.2\jbr\bin\server

VM Arguments:
java_command: git4idea.http.GitAskPassApp Username for 'https://github.com': 
java_class_path (initial): D:/program/IntelliJ IDEA 2022.2.2/plugins/git4idea/lib/git4idea-rt.jar;D:/program/IntelliJ IDEA 2022.2.2/lib/externalProcess-rt.jar;D:/program/IntelliJ IDEA 2022.2.2/lib/app.jar;D:/program/IntelliJ IDEA 2022.2.2/lib/3rd-party-rt.jar
Launcher Type: SUN_STANDARD

[Global flags]
     intx CICompilerCount                          = 4                                         {product} {ergonomic}
     uint ConcGCThreads                            = 2                                         {product} {ergonomic}
     uint G1ConcRefinementThreads                  = 8                                         {product} {ergonomic}
   size_t G1HeapRegionSize                         = 2097152                                   {product} {ergonomic}
    uintx GCDrainStackTargetSize                   = 64                                        {product} {ergonomic}
   size_t InitialHeapSize                          = 266338304                                 {product} {ergonomic}
   size_t MarkStackSize                            = 4194304                                   {product} {ergonomic}
   size_t MaxHeapSize                              = 4261412864                                {product} {ergonomic}
   size_t MinHeapDeltaBytes                        = 2097152                                   {product} {ergonomic}
   size_t MinHeapSize                              = 8388608                                   {product} {ergonomic}
    uintx NonNMethodCodeHeapSize                   = 5839372                                {pd product} {ergonomic}
    uintx NonProfiledCodeHeapSize                  = 122909434                              {pd product} {ergonomic}
    uintx ProfiledCodeHeapSize                     = 122909434                              {pd product} {ergonomic}
    uintx ReservedCodeCacheSize                    = 251658240                              {pd product} {ergonomic}
     bool SegmentedCodeCache                       = true                                      {product} {ergonomic}
   size_t SoftMaxHeapSize                          = 4261412864                             {manageable} {ergonomic}
     bool UseCompressedClassPointers               = true                           {product lp64_product} {ergonomic}
     bool UseCompressedOops                        = true                           {product lp64_product} {ergonomic}
     bool UseG1GC                                  = true                                      {product} {ergonomic}
     bool UseLargePagesIndividualAllocation        = false                                  {pd product} {ergonomic}

Logging:
Log output configuration:
 #0: stdout all=warning uptime,level,tags
 #1: stderr all=off uptime,level,tags

Environment Variables:
JAVA_HOME=C:\Program Files\Java\jdk1.8.0_161\bin
PATH=F:/program/Git/mingw64/libexec/git-core;F:/program/Git/mingw64/libexec/git-core;F:\program\Git\mingw64\bin;F:\program\Git\usr\bin;C:\Users\17524\bin;C:\Program Files\Common Files\Oracle\Java\javapath;C:\Program Files\Java\jdk-17\bin;C:\Program Files\Java\jdk1.8.0_161\bin;C:\ProgramData\Oracle\Java\javapath;D:\program\student\vm\bin\;C:\WINDOWS\system32;C:\WINDOWS;C:\WINDOWS\System32\Wbem;C:\WINDOWS\System32\WindowsPowerShell\v1.0\;C:\WINDOWS\System32\OpenSSH\;D:\program\BCheng\apache-maven-3.8.6\bin;D:\program\BCheng\apache-tomcat-9.0.69\bin;C:\ProgramData\chocolatey\bin;C:\Program Files\MySQL\MySQL Utilities 1.6\;C:\Program Files\MySQL\MySQL Server 5.7\bin;C:\Users\17524\AppData\Roaming\nvm;C:\Program Files\nodejs;F:\program\Xshell\;F:\program\xftp\;C:\Program Files\Docker\Docker\resources\bin;F:\program\Git\cmd;C:\Program Files (x86)\NVIDIA Corporation\PhysX\Common;C:\Program Files\NVIDIA Corporation\NVIDIA NvDLISR;F:\program\微信web开发者工具\dll;C:\Program Files\Microsoft SQL Server\Client SDK\ODBC\170\Tools\Binn\;C:\Program Files\Microsoft SQL Server\150\Tools\Binn\;C:\Program Files\dotnet\;F:\program\erl-23.3\bin;F:\program\rabbitmq3.9.5\rabbitmq_server-3.9.5\sbin;C:\Program Files\WireGuard\;C:\Program Files\TortoiseGit\bin;C:\Users\17524\AppData\Local\pnpm;C:\Users\17524\AppData\Local\Microsoft\WindowsApps;D:\program\Microsoft VS Code\bin;C:\Users\17524\AppData\Local\GitHubDesktop\bin;C:\Users\17524\AppData\Roaming\npm;C:\Users\17524\AppData\Roaming\nvm;C:\Program Files\nodejs;C:\Users\17524\.dotnet\tools
USERNAME=17524
DISPLAY=:0.0
LC_ALL=en_US.UTF-8
TERM=xterm-256color
TMPDIR=C:\Users\17524\AppData\Local\Temp
OS=Windows_NT
PROCESSOR_IDENTIFIER=Intel64 Family 6 Model 165 Stepping 2, GenuineIntel
TMP=C:\Users\17524\AppData\Local\Temp
TEMP=C:\Users\17524\AppData\Local\Temp



---------------  S Y S T E M  ---------------

OS:
 Windows 11 , 64 bit Build 22621 (10.0.22621.1778)
OS uptime: 2 days 10:00 hours

CPU: total 8 (initial active 8) (4 cores per cpu, 2 threads per core) family 6 model 165 stepping 2 microcode 0xe0, cx8, cmov, fxsr, ht, mmx, 3dnowpref, sse, sse2, sse3, ssse3, sse4.1, sse4.2, popcnt, lzcnt, tsc, tscinvbit, avx, avx2, aes, erms, clmul, bmi1, bmi2, adx, fma, vzeroupper, clflush, clflushopt

Memory: 4k page, system-wide physical 16251M (755M free)
TotalPageFile size 22251M (AvailPageFile size 188M)
current process WorkingSet (physical memory assigned to process): 13M, peak: 13M
current process commit charge ("private bytes"): 61M, peak: 314M

vm_info: OpenJDK 64-Bit Server VM (17.0.4+7-b469.53) for windows-amd64 JRE (17.0.4+7-b469.53), built on 2022-08-29 by "builduser" with MS VC++ 16.10 / 16.11 (VS2019)

END.
