#
# There is insufficient memory for the Java Runtime Environment to continue.
# Native memory allocation (mmap) failed to map 77594624 bytes for G1 virtual space
# Possible reasons:
#   The system is out of physical RAM or swap space
#   The process is running with CompressedOops enabled, and the Java Heap may be blocking the growth of the native heap
# Possible solutions:
#   Reduce memory load on the system
#   Increase physical memory or swap space
#   Check if swap backing store is full
#   Decrease Java heap size (-Xmx/-Xms)
#   Decrease number of Java threads
#   Decrease Java thread stack sizes (-Xss)
#   Set larger code cache with -XX:ReservedCodeCacheSize=
#   JVM is running with Zero Based Compressed Oops mode in which the Java heap is
#     placed in the first 32GB address space. The Java Heap base address is the
#     maximum limit for the native heap growth. Please use -XX:HeapBaseMinAddress
#     to set the Java Heap base and to place the Java Heap above 32GB virtual address.
# This output file may be truncated or incomplete.
#
#  Out of Memory Error (os_windows.cpp:3469), pid=16596, tid=24632
#
# JRE version: OpenJDK Runtime Environment (17.0+35) (build 17+35-2724)
# Java VM: OpenJDK 64-Bit Server VM (17+35-2724, mixed mode, emulated-client, sharing, tiered, compressed oops, compressed class ptrs, g1 gc, windows-amd64)
# No core dump will be written. Minidumps are not enabled by default on client versions of Windows
#

---------------  S U M M A R Y ------------

Command Line: -agentlib:jdwp=transport=dt_socket,address=127.0.0.1:7221,suspend=y,server=n -XX:TieredStopAtLevel=1 -Dspring.output.ansi.enabled=always -Dcom.sun.management.jmxremote -Dspring.jmx.enabled=true -Dspring.liveBeansView.mbeanDomain -Dspring.application.admin.enabled=true -javaagent:C:\Users\17524\AppData\Local\JetBrains\IntelliJIdea2022.2\captureAgent\debugger-agent.jar=file:/C:/Users/17524/AppData/Local/Temp/capture.props -Dfile.encoding=UTF-8 com.example.ergo.ErgoApplication

Host: Intel(R) Core(TM) i5-10200H CPU @ 2.40GHz, 8 cores, 15G,  Windows 10 , 64 bit Build 22621 (10.0.22621.1778)
Time: Tue May  7 14:00:49 2024  Windows 10 , 64 bit Build 22621 (10.0.22621.1778) elapsed time: 16.356133 seconds (0d 0h 0m 16s)

---------------  T H R E A D  ---------------

Current thread (0x00000153fee7f7c0):  VMThread "VM Thread" [stack: 0x000000326c800000,0x000000326c900000] [id=24632]

Stack: [0x000000326c800000,0x000000326c900000]
Native frames: (J=compiled Java code, j=interpreted, Vv=VM code, C=native code)
V  [jvm.dll+0x66f8ea]
V  [jvm.dll+0x7ce224]
V  [jvm.dll+0x7cf9ce]
V  [jvm.dll+0x7d0033]
V  [jvm.dll+0x242bb5]
V  [jvm.dll+0x66c909]
V  [jvm.dll+0x6613d2]
V  [jvm.dll+0x30082b]
V  [jvm.dll+0x307db6]
V  [jvm.dll+0x357a0e]
V  [jvm.dll+0x357c3f]
V  [jvm.dll+0x2d7ae8]
V  [jvm.dll+0x2d5db4]
V  [jvm.dll+0x2d53bc]
V  [jvm.dll+0x318d1b]
V  [jvm.dll+0x7d44cb]
V  [jvm.dll+0x7d5204]
V  [jvm.dll+0x7d571c]
V  [jvm.dll+0x7d5af4]
V  [jvm.dll+0x7d5bc0]
V  [jvm.dll+0x77e7ea]
V  [jvm.dll+0x66e715]
C  [ucrtbase.dll+0x29363]
C  [KERNEL32.DLL+0x126ad]
C  [ntdll.dll+0x5a9f8]

VM_Operation (0x00000032711fced0): G1CollectForAllocation, mode: safepoint, requested by thread 0x000001538f952330


---------------  P R O C E S S  ---------------

Threads class SMR info:
_java_thread_list=0x000001538d1c71d0, length=67, elements={
0x00000153ef763d80, 0x00000153fee89330, 0x00000153fee89ee0, 0x00000153fee9a4f0,
0x00000153fee9cec0, 0x00000153fee9d870, 0x00000153feea0230, 0x00000153feea0c90,
0x00000153feea3690, 0x00000153feb3ab60, 0x00000153ff069090, 0x00000153ff0ae3b0,
0x00000153ff0cc940, 0x00000153ff0cce30, 0x00000153ff0df5f0, 0x000001538897c150,
0x0000015388c8e090, 0x0000015388ca2820, 0x0000015388ca66b0, 0x0000015388ca6f80,
0x000001538b57e060, 0x000001538b57e530, 0x000001538b57f210, 0x000001538b5d40d0,
0x0000015389203e20, 0x0000015389200e00, 0x0000015389202ae0, 0x0000015389202fb0,
0x00000153892047c0, 0x0000015389201c70, 0x0000015389202610, 0x0000015389203480,
0x00000153ff114570, 0x00000153ff10e060, 0x00000153ff113700, 0x00000153ff114a40,
0x00000153ff10f3a0, 0x00000153ff114f10, 0x00000153ff112890, 0x00000153ff10e530,
0x00000153ff111a20, 0x00000153ff1153e0, 0x00000153ff1158b0, 0x00000153ff110bb0,
0x00000153ff10ea00, 0x00000153ff10f870, 0x00000153ff10eed0, 0x00000153ff110210,
0x00000153ff111080, 0x00000153ff113bd0, 0x00000153ff1106e0, 0x00000153ff111ef0,
0x00000153ff111550, 0x00000153ff113230, 0x00000153ff1123c0, 0x00000153ff112d60,
0x000001538f953670, 0x000001538f954010, 0x000001538f952cd0, 0x000001538f953b40,
0x000001538f9549b0, 0x000001538f950ff0, 0x000001538f952330, 0x000001538f9514c0,
0x000001538f955350, 0x000001538f9544e0, 0x000001538f956690
}

Java Threads: ( => current thread )
  0x00000153ef763d80 JavaThread "main" [_thread_blocked, id=23644, stack(0x000000326c200000,0x000000326c300000)]
  0x00000153fee89330 JavaThread "Reference Handler" daemon [_thread_blocked, id=23784, stack(0x000000326c900000,0x000000326ca00000)]
  0x00000153fee89ee0 JavaThread "Finalizer" daemon [_thread_blocked, id=18980, stack(0x000000326ca00000,0x000000326cb00000)]
  0x00000153fee9a4f0 JavaThread "Signal Dispatcher" daemon [_thread_blocked, id=29028, stack(0x000000326cb00000,0x000000326cc00000)]
  0x00000153fee9cec0 JavaThread "Attach Listener" daemon [_thread_blocked, id=26196, stack(0x000000326cc00000,0x000000326cd00000)]
  0x00000153fee9d870 JavaThread "Service Thread" daemon [_thread_blocked, id=13648, stack(0x000000326cd00000,0x000000326ce00000)]
  0x00000153feea0230 JavaThread "Monitor Deflation Thread" daemon [_thread_blocked, id=4720, stack(0x000000326ce00000,0x000000326cf00000)]
  0x00000153feea0c90 JavaThread "C1 CompilerThread0" daemon [_thread_blocked, id=18704, stack(0x000000326cf00000,0x000000326d000000)]
  0x00000153feea3690 JavaThread "Sweeper thread" daemon [_thread_blocked, id=19712, stack(0x000000326d000000,0x000000326d100000)]
  0x00000153feb3ab60 JavaThread "Common-Cleaner" daemon [_thread_blocked, id=21300, stack(0x000000326d100000,0x000000326d200000)]
  0x00000153ff069090 JavaThread "C1 CompilerThread1" daemon [_thread_blocked, id=15844, stack(0x000000326d200000,0x000000326d300000)]
  0x00000153ff0ae3b0 JavaThread "JDWP Transport Listener: dt_socket" daemon [_thread_blocked, id=27544, stack(0x000000326d400000,0x000000326d500000)]
  0x00000153ff0cc940 JavaThread "JDWP Event Helper Thread" daemon [_thread_blocked, id=20184, stack(0x000000326d500000,0x000000326d600000)]
  0x00000153ff0cce30 JavaThread "JDWP Command Reader" daemon [_thread_in_native, id=25000, stack(0x000000326d600000,0x000000326d700000)]
  0x00000153ff0df5f0 JavaThread "Notification Thread" daemon [_thread_blocked, id=12220, stack(0x000000326d300000,0x000000326d400000)]
  0x000001538897c150 JavaThread "RMI TCP Accept-0" daemon [_thread_in_native, id=21436, stack(0x000000326df00000,0x000000326e000000)]
  0x0000015388c8e090 JavaThread "C1 CompilerThread2" daemon [_thread_blocked, id=5104, stack(0x000000326e100000,0x000000326e200000)]
  0x0000015388ca2820 JavaThread "C1 CompilerThread3" daemon [_thread_blocked, id=28876, stack(0x000000326e200000,0x000000326e300000)]
  0x0000015388ca66b0 JavaThread "Thread-0" [_thread_blocked, id=11912, stack(0x000000326e300000,0x000000326e400000)]
  0x0000015388ca6f80 JavaThread "restartedMain" [_thread_blocked, id=28872, stack(0x000000326e400000,0x000000326e500000)]
  0x000001538b57e060 JavaThread "Catalina-utility-1" [_thread_blocked, id=20704, stack(0x000000326e600000,0x000000326e700000)]
  0x000001538b57e530 JavaThread "Catalina-utility-2" [_thread_blocked, id=26316, stack(0x000000326e700000,0x000000326e800000)]
  0x000001538b57f210 JavaThread "container-0" [_thread_blocked, id=16896, stack(0x000000326e800000,0x000000326e900000)]
  0x000001538b5d40d0 JavaThread "mysql-cj-abandoned-connection-cleanup" daemon [_thread_blocked, id=10484, stack(0x000000326e900000,0x000000326ea00000)]
  0x0000015389203e20 JavaThread "pool-2-thread-1" [_thread_in_native, id=7616, stack(0x000000326ea00000,0x000000326eb00000)]
  0x0000015389200e00 JavaThread "I/O dispatcher 1" [_thread_in_native, id=4356, stack(0x000000326eb00000,0x000000326ec00000)]
  0x0000015389202ae0 JavaThread "I/O dispatcher 2" [_thread_in_native, id=3360, stack(0x000000326ec00000,0x000000326ed00000)]
  0x0000015389202fb0 JavaThread "I/O dispatcher 3" [_thread_in_native, id=29196, stack(0x000000326ed00000,0x000000326ee00000)]
  0x00000153892047c0 JavaThread "I/O dispatcher 4" [_thread_in_native, id=18892, stack(0x000000326ee00000,0x000000326ef00000)]
  0x0000015389201c70 JavaThread "I/O dispatcher 5" [_thread_in_native, id=28344, stack(0x000000326ef00000,0x000000326f000000)]
  0x0000015389202610 JavaThread "I/O dispatcher 6" [_thread_in_native, id=28304, stack(0x000000326f000000,0x000000326f100000)]
  0x0000015389203480 JavaThread "I/O dispatcher 7" [_thread_in_native, id=2252, stack(0x000000326f100000,0x000000326f200000)]
  0x00000153ff114570 JavaThread "I/O dispatcher 8" [_thread_in_native, id=3904, stack(0x000000326f200000,0x000000326f300000)]
  0x00000153ff10e060 JavaThread "lettuce-timer-3-1" daemon [_thread_blocked, id=7556, stack(0x000000326f300000,0x000000326f400000)]
  0x00000153ff113700 JavaThread "HighConcurrencyHikariCP housekeeper" daemon [_thread_blocked, id=2556, stack(0x000000326f500000,0x000000326f600000)]
  0x00000153ff114a40 JavaThread "HighConcurrencyHikariCP connection adder" daemon [_thread_blocked, id=26444, stack(0x000000326f600000,0x000000326f700000)]
  0x00000153ff10f3a0 JavaThread "lettuce-nioEventLoop-4-1" daemon [_thread_in_native, id=19692, stack(0x000000326f700000,0x000000326f800000)]
  0x00000153ff114f10 JavaThread "lettuce-eventExecutorLoop-1-1" daemon [_thread_blocked, id=21932, stack(0x000000326f800000,0x000000326f900000)]
  0x00000153ff112890 JavaThread "lettuce-eventExecutorLoop-1-2" daemon [_thread_blocked, id=24496, stack(0x000000326f900000,0x000000326fa00000)]
  0x00000153ff10e530 JavaThread "lettuce-eventExecutorLoop-1-3" daemon [_thread_blocked, id=27672, stack(0x000000326fa00000,0x000000326fb00000)]
  0x00000153ff111a20 JavaThread "lettuce-eventExecutorLoop-1-4" daemon [_thread_blocked, id=26484, stack(0x000000326fb00000,0x000000326fc00000)]
  0x00000153ff1153e0 JavaThread "lettuce-eventExecutorLoop-1-5" daemon [_thread_blocked, id=7276, stack(0x000000326fc00000,0x000000326fd00000)]
  0x00000153ff1158b0 JavaThread "quartzScheduler_Worker-1" [_thread_blocked, id=3836, stack(0x000000326fd00000,0x000000326fe00000)]
  0x00000153ff110bb0 JavaThread "quartzScheduler_Worker-2" [_thread_blocked, id=2728, stack(0x000000326fe00000,0x000000326ff00000)]
  0x00000153ff10ea00 JavaThread "quartzScheduler_Worker-3" [_thread_blocked, id=25924, stack(0x000000326ff00000,0x0000003270000000)]
  0x00000153ff10f870 JavaThread "quartzScheduler_Worker-4" [_thread_blocked, id=1648, stack(0x0000003270000000,0x0000003270100000)]
  0x00000153ff10eed0 JavaThread "quartzScheduler_Worker-5" [_thread_blocked, id=29588, stack(0x0000003270100000,0x0000003270200000)]
  0x00000153ff110210 JavaThread "quartzScheduler_Worker-6" [_thread_blocked, id=29088, stack(0x0000003270200000,0x0000003270300000)]
  0x00000153ff111080 JavaThread "quartzScheduler_Worker-7" [_thread_blocked, id=3320, stack(0x0000003270300000,0x0000003270400000)]
  0x00000153ff113bd0 JavaThread "quartzScheduler_Worker-8" [_thread_blocked, id=28516, stack(0x0000003270400000,0x0000003270500000)]
  0x00000153ff1106e0 JavaThread "quartzScheduler_Worker-9" [_thread_blocked, id=2408, stack(0x0000003270500000,0x0000003270600000)]
  0x00000153ff111ef0 JavaThread "quartzScheduler_Worker-10" [_thread_blocked, id=28160, stack(0x0000003270600000,0x0000003270700000)]
  0x00000153ff111550 JavaThread "quartzScheduler_QuartzSchedulerThread" [_thread_blocked, id=23824, stack(0x0000003270700000,0x0000003270800000)]
  0x00000153ff113230 JavaThread "ClassGraph-worker-196" daemon [_thread_blocked, id=11940, stack(0x0000003270800000,0x0000003270900000)]
  0x00000153ff1123c0 JavaThread "ClassGraph-worker-197" daemon [_thread_blocked, id=20744, stack(0x0000003270900000,0x0000003270a00000)]
  0x00000153ff112d60 JavaThread "ClassGraph-worker-198" daemon [_thread_blocked, id=20116, stack(0x0000003270a00000,0x0000003270b00000)]
  0x000001538f953670 JavaThread "ClassGraph-worker-199" daemon [_thread_blocked, id=26452, stack(0x0000003270b00000,0x0000003270c00000)]
  0x000001538f954010 JavaThread "ClassGraph-worker-200" daemon [_thread_blocked, id=6740, stack(0x0000003270c00000,0x0000003270d00000)]
  0x000001538f952cd0 JavaThread "ClassGraph-worker-201" daemon [_thread_blocked, id=16920, stack(0x0000003270d00000,0x0000003270e00000)]
  0x000001538f953b40 JavaThread "ClassGraph-worker-202" daemon [_thread_blocked, id=24340, stack(0x0000003270e00000,0x0000003270f00000)]
  0x000001538f9549b0 JavaThread "ClassGraph-worker-203" daemon [_thread_blocked, id=17268, stack(0x0000003270f00000,0x0000003271000000)]
  0x000001538f950ff0 JavaThread "ClassGraph-worker-204" daemon [_thread_blocked, id=27344, stack(0x0000003271000000,0x0000003271100000)]
  0x000001538f952330 JavaThread "ClassGraph-worker-205" daemon [_thread_blocked, id=9092, stack(0x0000003271100000,0x0000003271200000)]
  0x000001538f9514c0 JavaThread "ClassGraph-worker-206" daemon [_thread_blocked, id=21220, stack(0x0000003271200000,0x0000003271300000)]
  0x000001538f955350 JavaThread "ClassGraph-worker-207" daemon [_thread_blocked, id=12132, stack(0x0000003271300000,0x0000003271400000)]
  0x000001538f9544e0 JavaThread "ClassGraph-worker-208" daemon [_thread_blocked, id=29500, stack(0x0000003271400000,0x0000003271500000)]
  0x000001538f956690 JavaThread "ClassGraph-worker-209" daemon [_thread_blocked, id=11208, stack(0x0000003271500000,0x0000003271600000)]

Other Threads:
=>0x00000153fee7f7c0 VMThread "VM Thread" [stack: 0x000000326c800000,0x000000326c900000] [id=24632]
  0x00000153ef7d9810 WatcherThread [stack: 0x000000326e000000,0x000000326e100000] [id=10572]
  0x00000153ef7b35e0 GCTaskThread "GC Thread#0" [stack: 0x000000326c300000,0x000000326c400000] [id=25028]
  0x00000153888b10f0 GCTaskThread "GC Thread#1" [stack: 0x000000326d700000,0x000000326d800000] [id=28764]
  0x00000153888b53b0 GCTaskThread "GC Thread#2" [stack: 0x000000326d800000,0x000000326d900000] [id=16476]
  0x00000153888b5660 GCTaskThread "GC Thread#3" [stack: 0x000000326d900000,0x000000326da00000] [id=20212]
  0x00000153888b5910 GCTaskThread "GC Thread#4" [stack: 0x000000326da00000,0x000000326db00000] [id=17232]
  0x00000153888b6bd0 GCTaskThread "GC Thread#5" [stack: 0x000000326db00000,0x000000326dc00000] [id=28620]
  0x00000153888d5900 GCTaskThread "GC Thread#6" [stack: 0x000000326dc00000,0x000000326dd00000] [id=23720]
  0x00000153888d5bb0 GCTaskThread "GC Thread#7" [stack: 0x000000326dd00000,0x000000326de00000] [id=19652]
  0x00000153ef7c5490 ConcurrentGCThread "G1 Main Marker" [stack: 0x000000326c400000,0x000000326c500000] [id=20520]
  0x00000153ef7c6640 ConcurrentGCThread "G1 Conc#0" [stack: 0x000000326c500000,0x000000326c600000] [id=5168]
  0x0000015388ef54d0 ConcurrentGCThread "G1 Conc#1" [stack: 0x000000326e500000,0x000000326e600000] [id=21500]
  0x00000153fea01260 ConcurrentGCThread "G1 Refine#0" [stack: 0x000000326c600000,0x000000326c700000] [id=15832]
  0x00000153888dde80 ConcurrentGCThread "G1 Refine#1" [stack: 0x000000326de00000,0x000000326df00000] [id=21744]
  0x00000153fea02b30 ConcurrentGCThread "G1 Service" [stack: 0x000000326c700000,0x000000326c800000] [id=26552]

Threads with active compile tasks:

VM state: at safepoint (normal execution)

VM Mutex/Monitor currently owned by a thread:  ([mutex/lock_event])
[0x00000153ef75faf0] Threads_lock - owner thread: 0x00000153fee7f7c0
[0x00000153ef75f5e0] Heap_lock - owner thread: 0x000001538f952330

Heap address: 0x0000000702000000, size: 4064 MB, Compressed Oops mode: Zero based, Oop shift amount: 3

CDS archive(s) mapped at: [0x0000000800000000-0x0000000800bc0000-0x0000000800bc0000), size 12320768, SharedBaseAddress: 0x0000000800000000, ArchiveRelocationMode: 0.
Compressed class space mapped at: 0x0000000800c00000-0x0000000840c00000, reserved size: 1073741824
Narrow klass base: 0x0000000800000000, Narrow klass shift: 0, Narrow klass range: 0x100000000

GC Precious Log:
 CPUs: 8 total, 8 available
 Memory: 16251M
 Large Page Support: Disabled
 NUMA Support: Disabled
 Compressed Oops: Enabled (Zero based)
 Heap Region Size: 2M
 Heap Min Capacity: 8M
 Heap Initial Capacity: 254M
 Heap Max Capacity: 4064M
 Pre-touch: Disabled
 Parallel Workers: 8
 Concurrent Workers: 2
 Concurrent Refinement Workers: 8
 Periodic GC: Disabled

Heap:
 garbage-first heap   total 260096K, used 84410K [0x0000000702000000, 0x0000000800000000)
  region size 2048K, 2 young (4096K), 2 survivors (4096K)
 Metaspace       used 67073K, committed 67648K, reserved 1114112K
  class space    used 8514K, committed 8832K, reserved 1048576K

Heap Regions: E=young(eden), S=young(survivor), O=old, HS=humongous(starts), HC=humongous(continues), CS=collection set, F=free, OA=open archive, CA=closed archive, TAMS=top-at-mark-start (previous, next)
|   0|0x0000000702000000, 0x0000000702200000, 0x0000000702200000|100%| O|  |TAMS 0x0000000702200000, 0x0000000702200000| Untracked 
|   1|0x0000000702200000, 0x0000000702400000, 0x0000000702400000|100%| O|  |TAMS 0x0000000702400000, 0x0000000702400000| Untracked 
|   2|0x0000000702400000, 0x0000000702600000, 0x0000000702600000|100%| O|  |TAMS 0x0000000702600000, 0x0000000702600000| Untracked 
|   3|0x0000000702600000, 0x0000000702800000, 0x0000000702800000|100%| O|  |TAMS 0x0000000702800000, 0x0000000702800000| Untracked 
|   4|0x0000000702800000, 0x0000000702a00000, 0x0000000702a00000|100%| O|  |TAMS 0x0000000702a00000, 0x0000000702a00000| Untracked 
|   5|0x0000000702a00000, 0x0000000702c00000, 0x0000000702c00000|100%| O|  |TAMS 0x0000000702c00000, 0x0000000702c00000| Untracked 
|   6|0x0000000702c00000, 0x0000000702e00000, 0x0000000702e00000|100%| O|  |TAMS 0x0000000702e00000, 0x0000000702e00000| Untracked 
|   7|0x0000000702e00000, 0x0000000703000000, 0x0000000703000000|100%| O|  |TAMS 0x0000000703000000, 0x0000000703000000| Untracked 
|   8|0x0000000703000000, 0x0000000703200000, 0x0000000703200000|100%| O|  |TAMS 0x0000000703200000, 0x0000000703200000| Untracked 
|   9|0x0000000703200000, 0x0000000703400000, 0x0000000703400000|100%| O|  |TAMS 0x0000000703400000, 0x0000000703400000| Untracked 
|  10|0x0000000703400000, 0x0000000703600000, 0x0000000703600000|100%| O|  |TAMS 0x0000000703600000, 0x0000000703600000| Untracked 
|  11|0x0000000703600000, 0x0000000703800000, 0x0000000703800000|100%| O|  |TAMS 0x0000000703800000, 0x0000000703800000| Untracked 
|  12|0x0000000703800000, 0x0000000703a00000, 0x0000000703a00000|100%| O|  |TAMS 0x0000000703a00000, 0x0000000703a00000| Untracked 
|  13|0x0000000703a00000, 0x0000000703c00000, 0x0000000703c00000|100%| O|  |TAMS 0x0000000703c00000, 0x0000000703c00000| Untracked 
|  14|0x0000000703c00000, 0x0000000703e00000, 0x0000000703e00000|100%| O|  |TAMS 0x0000000703e00000, 0x0000000703e00000| Untracked 
|  15|0x0000000703e00000, 0x0000000704000000, 0x0000000704000000|100%| O|  |TAMS 0x0000000704000000, 0x0000000704000000| Untracked 
|  16|0x0000000704000000, 0x0000000704200000, 0x0000000704200000|100%| O|  |TAMS 0x0000000704200000, 0x0000000704200000| Untracked 
|  17|0x0000000704200000, 0x0000000704400000, 0x0000000704400000|100%| O|  |TAMS 0x0000000704400000, 0x0000000704400000| Untracked 
|  18|0x0000000704400000, 0x0000000704600000, 0x0000000704600000|100%| O|  |TAMS 0x0000000704600000, 0x0000000704600000| Untracked 
|  19|0x0000000704600000, 0x0000000704800000, 0x0000000704800000|100%| O|  |TAMS 0x0000000704800000, 0x0000000704800000| Untracked 
|  20|0x0000000704800000, 0x0000000704a00000, 0x0000000704a00000|100%| O|  |TAMS 0x0000000704a00000, 0x0000000704a00000| Untracked 
|  21|0x0000000704a00000, 0x0000000704c00000, 0x0000000704c00000|100%| O|  |TAMS 0x0000000704c00000, 0x0000000704c00000| Untracked 
|  22|0x0000000704c00000, 0x0000000704e00000, 0x0000000704e00000|100%| O|  |TAMS 0x0000000704e00000, 0x0000000704e00000| Untracked 
|  23|0x0000000704e00000, 0x0000000704e6ea00, 0x0000000705000000| 21%| O|  |TAMS 0x0000000704e00000, 0x0000000704e00000| Untracked 
|  24|0x0000000705000000, 0x0000000705200000, 0x0000000705200000|100%| O|  |TAMS 0x0000000705200000, 0x0000000705200000| Untracked 
|  25|0x0000000705200000, 0x0000000705200000, 0x0000000705400000|  0%| F|  |TAMS 0x0000000705200000, 0x0000000705200000| Untracked 
|  26|0x0000000705400000, 0x0000000705600000, 0x0000000705600000|100%| O|  |TAMS 0x0000000705600000, 0x0000000705600000| Untracked 
|  27|0x0000000705600000, 0x0000000705800000, 0x0000000705800000|100%| O|  |TAMS 0x0000000705800000, 0x0000000705800000| Untracked 
|  28|0x0000000705800000, 0x0000000705a00000, 0x0000000705a00000|100%| O|  |TAMS 0x0000000705a00000, 0x0000000705a00000| Untracked 
|  29|0x0000000705a00000, 0x0000000705a00000, 0x0000000705c00000|  0%| F|  |TAMS 0x0000000705a00000, 0x0000000705a00000| Untracked 
|  30|0x0000000705c00000, 0x0000000705e00000, 0x0000000705e00000|100%| O|  |TAMS 0x0000000705c00000, 0x0000000705e00000| Untracked 
|  31|0x0000000705e00000, 0x0000000706000000, 0x0000000706000000|100%| O|  |TAMS 0x0000000705e00000, 0x0000000706000000| Untracked 
|  32|0x0000000706000000, 0x0000000706200000, 0x0000000706200000|100%| O|  |TAMS 0x0000000706000000, 0x0000000706200000| Untracked 
|  33|0x0000000706200000, 0x0000000706400000, 0x0000000706400000|100%| O|  |TAMS 0x0000000706200000, 0x0000000706400000| Untracked 
|  34|0x0000000706400000, 0x0000000706600000, 0x0000000706600000|100%| O|  |TAMS 0x0000000706400000, 0x0000000706600000| Untracked 
|  35|0x0000000706600000, 0x0000000706800000, 0x0000000706800000|100%| O|  |TAMS 0x0000000706600000, 0x0000000706800000| Untracked 
|  36|0x0000000706800000, 0x0000000706a00000, 0x0000000706a00000|100%| O|  |TAMS 0x0000000706800000, 0x0000000706a00000| Untracked 
|  37|0x0000000706a00000, 0x0000000706c00000, 0x0000000706c00000|100%| O|  |TAMS 0x0000000706a00000, 0x0000000706c00000| Untracked 
|  38|0x0000000706c00000, 0x0000000706e00000, 0x0000000706e00000|100%| O|  |TAMS 0x0000000706c00000, 0x0000000706e00000| Untracked 
|  39|0x0000000706e00000, 0x0000000707000000, 0x0000000707000000|100%| O|  |TAMS 0x0000000706e00000, 0x0000000707000000| Untracked 
|  40|0x0000000707000000, 0x0000000707200000, 0x0000000707200000|100%| O|  |TAMS 0x0000000707000000, 0x0000000707200000| Untracked 
|  41|0x0000000707200000, 0x0000000707400000, 0x0000000707400000|100%| O|  |TAMS 0x0000000707200000, 0x000000070729b800| Untracked 
|  42|0x0000000707400000, 0x0000000707400000, 0x0000000707600000|  0%| F|  |TAMS 0x0000000707400000, 0x0000000707400000| Untracked 
|  43|0x0000000707600000, 0x0000000707600000, 0x0000000707800000|  0%| F|  |TAMS 0x0000000707600000, 0x0000000707600000| Untracked 
|  44|0x0000000707800000, 0x0000000707800000, 0x0000000707a00000|  0%| F|  |TAMS 0x0000000707800000, 0x0000000707800000| Untracked 
|  45|0x0000000707a00000, 0x0000000707a00000, 0x0000000707c00000|  0%| F|  |TAMS 0x0000000707a00000, 0x0000000707a00000| Untracked 
|  46|0x0000000707c00000, 0x0000000707c00000, 0x0000000707e00000|  0%| F|  |TAMS 0x0000000707c00000, 0x0000000707c00000| Untracked 
|  47|0x0000000707e00000, 0x0000000707e00000, 0x0000000708000000|  0%| F|  |TAMS 0x0000000707e00000, 0x0000000707e00000| Untracked 
|  48|0x0000000708000000, 0x0000000708000000, 0x0000000708200000|  0%| F|  |TAMS 0x0000000708000000, 0x0000000708000000| Untracked 
|  49|0x0000000708200000, 0x0000000708200000, 0x0000000708400000|  0%| F|  |TAMS 0x0000000708200000, 0x0000000708200000| Untracked 
|  50|0x0000000708400000, 0x0000000708400000, 0x0000000708600000|  0%| F|  |TAMS 0x0000000708400000, 0x0000000708400000| Untracked 
|  51|0x0000000708600000, 0x0000000708600000, 0x0000000708800000|  0%| F|  |TAMS 0x0000000708600000, 0x0000000708600000| Untracked 
|  52|0x0000000708800000, 0x0000000708800000, 0x0000000708a00000|  0%| F|  |TAMS 0x0000000708800000, 0x0000000708800000| Untracked 
|  53|0x0000000708a00000, 0x0000000708a00000, 0x0000000708c00000|  0%| F|  |TAMS 0x0000000708a00000, 0x0000000708a00000| Untracked 
|  54|0x0000000708c00000, 0x0000000708e00000, 0x0000000708e00000|100%| S|CS|TAMS 0x0000000708c00000, 0x0000000708c00000| Complete 
|  55|0x0000000708e00000, 0x0000000709000000, 0x0000000709000000|100%| S|CS|TAMS 0x0000000708e00000, 0x0000000708e00000| Complete 
|  56|0x0000000709000000, 0x0000000709000000, 0x0000000709200000|  0%| F|  |TAMS 0x0000000709000000, 0x0000000709000000| Untracked 
|  57|0x0000000709200000, 0x0000000709200000, 0x0000000709400000|  0%| F|  |TAMS 0x0000000709200000, 0x0000000709200000| Untracked 
|  58|0x0000000709400000, 0x0000000709400000, 0x0000000709600000|  0%| F|  |TAMS 0x0000000709400000, 0x0000000709400000| Untracked 
|  59|0x0000000709600000, 0x0000000709600000, 0x0000000709800000|  0%| F|  |TAMS 0x0000000709600000, 0x0000000709600000| Untracked 
|  60|0x0000000709800000, 0x0000000709800000, 0x0000000709a00000|  0%| F|  |TAMS 0x0000000709800000, 0x0000000709800000| Untracked 
|  61|0x0000000709a00000, 0x0000000709a00000, 0x0000000709c00000|  0%| F|  |TAMS 0x0000000709a00000, 0x0000000709a00000| Untracked 
|  62|0x0000000709c00000, 0x0000000709c00000, 0x0000000709e00000|  0%| F|  |TAMS 0x0000000709c00000, 0x0000000709c00000| Untracked 
|  63|0x0000000709e00000, 0x0000000709e00000, 0x000000070a000000|  0%| F|  |TAMS 0x0000000709e00000, 0x0000000709e00000| Untracked 
|  64|0x000000070a000000, 0x000000070a000000, 0x000000070a200000|  0%| F|  |TAMS 0x000000070a000000, 0x000000070a000000| Untracked 
|  65|0x000000070a200000, 0x000000070a200000, 0x000000070a400000|  0%| F|  |TAMS 0x000000070a200000, 0x000000070a200000| Untracked 
|  66|0x000000070a400000, 0x000000070a400000, 0x000000070a600000|  0%| F|  |TAMS 0x000000070a400000, 0x000000070a400000| Untracked 
|  67|0x000000070a600000, 0x000000070a600000, 0x000000070a800000|  0%| F|  |TAMS 0x000000070a600000, 0x000000070a600000| Untracked 
|  68|0x000000070a800000, 0x000000070a800000, 0x000000070aa00000|  0%| F|  |TAMS 0x000000070a800000, 0x000000070a800000| Untracked 
|  69|0x000000070aa00000, 0x000000070aa00000, 0x000000070ac00000|  0%| F|  |TAMS 0x000000070aa00000, 0x000000070aa00000| Untracked 
|  70|0x000000070ac00000, 0x000000070ac00000, 0x000000070ae00000|  0%| F|  |TAMS 0x000000070ac00000, 0x000000070ac00000| Untracked 
|  71|0x000000070ae00000, 0x000000070ae00000, 0x000000070b000000|  0%| F|  |TAMS 0x000000070ae00000, 0x000000070ae00000| Untracked 
|  72|0x000000070b000000, 0x000000070b000000, 0x000000070b200000|  0%| F|  |TAMS 0x000000070b000000, 0x000000070b000000| Untracked 
|  73|0x000000070b200000, 0x000000070b200000, 0x000000070b400000|  0%| F|  |TAMS 0x000000070b200000, 0x000000070b200000| Untracked 
|  74|0x000000070b400000, 0x000000070b400000, 0x000000070b600000|  0%| F|  |TAMS 0x000000070b400000, 0x000000070b400000| Untracked 
|  75|0x000000070b600000, 0x000000070b600000, 0x000000070b800000|  0%| F|  |TAMS 0x000000070b600000, 0x000000070b600000| Untracked 
|  76|0x000000070b800000, 0x000000070b800000, 0x000000070ba00000|  0%| F|  |TAMS 0x000000070b800000, 0x000000070b800000| Untracked 
|  77|0x000000070ba00000, 0x000000070ba00000, 0x000000070bc00000|  0%| F|  |TAMS 0x000000070ba00000, 0x000000070ba00000| Untracked 
|  78|0x000000070bc00000, 0x000000070bc00000, 0x000000070be00000|  0%| F|  |TAMS 0x000000070bc00000, 0x000000070bc00000| Untracked 
|  79|0x000000070be00000, 0x000000070be00000, 0x000000070c000000|  0%| F|  |TAMS 0x000000070be00000, 0x000000070be00000| Untracked 
|  80|0x000000070c000000, 0x000000070c000000, 0x000000070c200000|  0%| F|  |TAMS 0x000000070c000000, 0x000000070c000000| Untracked 
|  81|0x000000070c200000, 0x000000070c200000, 0x000000070c400000|  0%| F|  |TAMS 0x000000070c200000, 0x000000070c200000| Untracked 
|  82|0x000000070c400000, 0x000000070c400000, 0x000000070c600000|  0%| F|  |TAMS 0x000000070c400000, 0x000000070c400000| Untracked 
|  83|0x000000070c600000, 0x000000070c600000, 0x000000070c800000|  0%| F|  |TAMS 0x000000070c600000, 0x000000070c600000| Untracked 
|  84|0x000000070c800000, 0x000000070c800000, 0x000000070ca00000|  0%| F|  |TAMS 0x000000070c800000, 0x000000070c800000| Untracked 
|  85|0x000000070ca00000, 0x000000070ca00000, 0x000000070cc00000|  0%| F|  |TAMS 0x000000070ca00000, 0x000000070ca00000| Untracked 
|  86|0x000000070cc00000, 0x000000070cc00000, 0x000000070ce00000|  0%| F|  |TAMS 0x000000070cc00000, 0x000000070cc00000| Untracked 
|  87|0x000000070ce00000, 0x000000070ce00000, 0x000000070d000000|  0%| F|  |TAMS 0x000000070ce00000, 0x000000070ce00000| Untracked 
|  88|0x000000070d000000, 0x000000070d000000, 0x000000070d200000|  0%| F|  |TAMS 0x000000070d000000, 0x000000070d000000| Untracked 
|  89|0x000000070d200000, 0x000000070d200000, 0x000000070d400000|  0%| F|  |TAMS 0x000000070d200000, 0x000000070d200000| Untracked 
|  90|0x000000070d400000, 0x000000070d400000, 0x000000070d600000|  0%| F|  |TAMS 0x000000070d400000, 0x000000070d400000| Untracked 
|  91|0x000000070d600000, 0x000000070d600000, 0x000000070d800000|  0%| F|  |TAMS 0x000000070d600000, 0x000000070d600000| Untracked 
|  92|0x000000070d800000, 0x000000070d800000, 0x000000070da00000|  0%| F|  |TAMS 0x000000070d800000, 0x000000070d800000| Untracked 
|  93|0x000000070da00000, 0x000000070da00000, 0x000000070dc00000|  0%| F|  |TAMS 0x000000070da00000, 0x000000070da00000| Untracked 
|  94|0x000000070dc00000, 0x000000070dc00000, 0x000000070de00000|  0%| F|  |TAMS 0x000000070dc00000, 0x000000070dc00000| Untracked 
|  95|0x000000070de00000, 0x000000070de00000, 0x000000070e000000|  0%| F|  |TAMS 0x000000070de00000, 0x000000070de00000| Untracked 
|  96|0x000000070e000000, 0x000000070e000000, 0x000000070e200000|  0%| F|  |TAMS 0x000000070e000000, 0x000000070e000000| Untracked 
|  97|0x000000070e200000, 0x000000070e200000, 0x000000070e400000|  0%| F|  |TAMS 0x000000070e200000, 0x000000070e200000| Untracked 
|  98|0x000000070e400000, 0x000000070e400000, 0x000000070e600000|  0%| F|  |TAMS 0x000000070e400000, 0x000000070e400000| Untracked 
|  99|0x000000070e600000, 0x000000070e600000, 0x000000070e800000|  0%| F|  |TAMS 0x000000070e600000, 0x000000070e600000| Untracked 
| 100|0x000000070e800000, 0x000000070e800000, 0x000000070ea00000|  0%| F|  |TAMS 0x000000070e800000, 0x000000070e800000| Untracked 
| 101|0x000000070ea00000, 0x000000070ea00000, 0x000000070ec00000|  0%| F|  |TAMS 0x000000070ea00000, 0x000000070ea00000| Untracked 
| 102|0x000000070ec00000, 0x000000070ec00000, 0x000000070ee00000|  0%| F|  |TAMS 0x000000070ec00000, 0x000000070ec00000| Untracked 
| 103|0x000000070ee00000, 0x000000070ee00000, 0x000000070f000000|  0%| F|  |TAMS 0x000000070ee00000, 0x000000070ee00000| Untracked 
| 104|0x000000070f000000, 0x000000070f000000, 0x000000070f200000|  0%| F|  |TAMS 0x000000070f000000, 0x000000070f000000| Untracked 
| 105|0x000000070f200000, 0x000000070f200000, 0x000000070f400000|  0%| F|  |TAMS 0x000000070f200000, 0x000000070f200000| Untracked 
| 106|0x000000070f400000, 0x000000070f400000, 0x000000070f600000|  0%| F|  |TAMS 0x000000070f400000, 0x000000070f400000| Untracked 
| 107|0x000000070f600000, 0x000000070f600000, 0x000000070f800000|  0%| F|  |TAMS 0x000000070f600000, 0x000000070f600000| Untracked 
| 108|0x000000070f800000, 0x000000070f800000, 0x000000070fa00000|  0%| F|  |TAMS 0x000000070f800000, 0x000000070f800000| Untracked 
| 109|0x000000070fa00000, 0x000000070fa00000, 0x000000070fc00000|  0%| F|  |TAMS 0x000000070fa00000, 0x000000070fa00000| Untracked 
| 110|0x000000070fc00000, 0x000000070fc00000, 0x000000070fe00000|  0%| F|  |TAMS 0x000000070fc00000, 0x000000070fc00000| Untracked 
| 111|0x000000070fe00000, 0x000000070fe00000, 0x0000000710000000|  0%| F|  |TAMS 0x000000070fe00000, 0x000000070fe00000| Untracked 
| 112|0x0000000710000000, 0x0000000710000000, 0x0000000710200000|  0%| F|  |TAMS 0x0000000710000000, 0x0000000710000000| Untracked 
| 113|0x0000000710200000, 0x0000000710200000, 0x0000000710400000|  0%| F|  |TAMS 0x0000000710200000, 0x0000000710200000| Untracked 
| 114|0x0000000710400000, 0x0000000710400000, 0x0000000710600000|  0%| F|  |TAMS 0x0000000710400000, 0x0000000710400000| Untracked 
| 115|0x0000000710600000, 0x0000000710600000, 0x0000000710800000|  0%| F|  |TAMS 0x0000000710600000, 0x0000000710600000| Untracked 
| 116|0x0000000710800000, 0x0000000710800000, 0x0000000710a00000|  0%| F|  |TAMS 0x0000000710800000, 0x0000000710800000| Untracked 
| 117|0x0000000710a00000, 0x0000000710a00000, 0x0000000710c00000|  0%| F|  |TAMS 0x0000000710a00000, 0x0000000710a00000| Untracked 
| 118|0x0000000710c00000, 0x0000000710c00000, 0x0000000710e00000|  0%| F|  |TAMS 0x0000000710c00000, 0x0000000710c00000| Untracked 
| 119|0x0000000710e00000, 0x0000000710e00000, 0x0000000711000000|  0%| F|  |TAMS 0x0000000710e00000, 0x0000000710e00000| Untracked 
| 120|0x0000000711000000, 0x0000000711000000, 0x0000000711200000|  0%| F|  |TAMS 0x0000000711000000, 0x0000000711000000| Untracked 
| 121|0x0000000711200000, 0x0000000711200000, 0x0000000711400000|  0%| F|  |TAMS 0x0000000711200000, 0x0000000711200000| Untracked 
| 122|0x0000000711400000, 0x0000000711400000, 0x0000000711600000|  0%| F|  |TAMS 0x0000000711400000, 0x0000000711400000| Untracked 
| 123|0x0000000711600000, 0x0000000711600000, 0x0000000711800000|  0%| F|  |TAMS 0x0000000711600000, 0x0000000711600000| Untracked 
| 124|0x0000000711800000, 0x0000000711800000, 0x0000000711a00000|  0%| F|  |TAMS 0x0000000711800000, 0x0000000711800000| Untracked 
| 125|0x0000000711a00000, 0x0000000711a00000, 0x0000000711c00000|  0%| F|  |TAMS 0x0000000711a00000, 0x0000000711a00000| Untracked 
| 126|0x0000000711c00000, 0x0000000711c00000, 0x0000000711e00000|  0%| F|  |TAMS 0x0000000711c00000, 0x0000000711c00000| Untracked 

Card table byte_map: [0x00000153fb380000,0x00000153fbb70000] _byte_map_base: 0x00000153f7b70000

Marking Bits (Prev, Next): (CMBitMap*) 0x00000153ef7b4c40, (CMBitMap*) 0x00000153ef7b4c00
 Prev Bits: [0x0000015383f80000, 0x0000015387f00000)
 Next Bits: [0x0000015380000000, 0x0000015383f80000)

Polling page: 0x00000153ef6c0000

Metaspace:

Usage:
  Non-class:     57.19 MB used.
      Class:      8.32 MB used.
       Both:     65.50 MB used.

Virtual space:
  Non-class space:       64.00 MB reserved,      57.44 MB ( 90%) committed,  8 nodes.
      Class space:        1.00 GB reserved,       8.62 MB ( <1%) committed,  1 nodes.
             Both:        1.06 GB reserved,      66.06 MB (  6%) committed. 

Chunk freelists:
   Non-Class:  2.35 MB
       Class:  3.32 MB
        Both:  5.67 MB

MaxMetaspaceSize: unlimited
CompressedClassSpaceSize: 1.00 GB
Initial GC threshold: 21.00 MB
Current GC threshold: 110.12 MB
CDS: on
MetaspaceReclaimPolicy: balanced
 - commit_granule_bytes: 65536.
 - commit_granule_words: 8192.
 - virtual_space_node_default_size: 1048576.
 - enlarge_chunks_in_place: 1.
 - new_chunks_are_fully_committed: 0.
 - uncommit_free_chunks: 1.
 - use_allocation_guard: 0.
 - handle_deallocations: 1.


Internal statistics:

num_allocs_failed_limit: 9.
num_arena_births: 768.
num_arena_deaths: 24.
num_vsnodes_births: 9.
num_vsnodes_deaths: 0.
num_space_committed: 1057.
num_space_uncommitted: 0.
num_chunks_returned_to_freelist: 45.
num_chunks_taken_from_freelist: 3122.
num_chunk_merges: 14.
num_chunk_splits: 2257.
num_chunks_enlarged: 1746.
num_purges: 4.
num_inconsistent_stats: 0.

CodeCache: size=49152Kb used=15893Kb max_used=15893Kb free=33258Kb
 bounds [0x00000153f72a0000, 0x00000153f8230000, 0x00000153fa2a0000]
 total_blobs=7879 nmethods=7213 adapters=590
 compilation: enabled
              stopped_count=0, restarted_count=0
 full_count=0

Compilation events (20 events):
Event: 16.199 Thread 0x00000153ff069090 7203   !   1       jdk.internal.reflect.GeneratedMethodAccessor10::invoke (64 bytes)
Event: 16.199 Thread 0x00000153feea0c90 7204   !   1       jdk.internal.reflect.GeneratedMethodAccessor11::invoke (61 bytes)
Event: 16.199 Thread 0x00000153ff069090 nmethod 7203 0x00000153f8220510 code [0x00000153f8220720, 0x00000153f8220b68]
Event: 16.199 Thread 0x00000153feea0c90 nmethod 7204 0x00000153f8220e10 code [0x00000153f8221020, 0x00000153f8221518]
Event: 16.200 Thread 0x00000153ff069090 7205       1       nonapi.io.github.classgraph.utils.CollectionUtils::sortIfNotEmpty (15 bytes)
Event: 16.200 Thread 0x00000153ff069090 nmethod 7205 0x00000153f8221890 code [0x00000153f8221a40, 0x00000153f8221b58]
Event: 16.201 Thread 0x00000153ff069090 7206       1       java.lang.WeakPairMap::get (17 bytes)
Event: 16.201 Thread 0x00000153ff069090 nmethod 7206 0x00000153f8221c10 code [0x00000153f8221e20, 0x00000153f8222458]
Event: 16.300 Thread 0x00000153ff069090 7207       1       java.lang.Thread::<init> (249 bytes)
Event: 16.300 Thread 0x0000015388c8e090 7208   !   1       java.lang.ThreadGroup::addUnstarted (40 bytes)
Event: 16.300 Thread 0x0000015388ca2820 7209  s    1       java.lang.Thread::nextThreadID (10 bytes)
Event: 16.300 Thread 0x0000015388ca2820 nmethod 7209 0x00000153f8222810 code [0x00000153f82229a0, 0x00000153f8222b18]
Event: 16.301 Thread 0x0000015388c8e090 nmethod 7208 0x00000153f8222b90 code [0x00000153f8222d40, 0x00000153f8222f88]
Event: 16.301 Thread 0x0000015388ca2820 7210       1       java.lang.Thread::<init> (12 bytes)
Event: 16.301 Thread 0x0000015388ca2820 nmethod 7210 0x00000153f8223110 code [0x00000153f82232a0, 0x00000153f82233c8]
Event: 16.302 Thread 0x00000153ff069090 nmethod 7207 0x00000153f8223490 code [0x00000153f8223740, 0x00000153f8224488]
Event: 16.306 Thread 0x0000015388c8e090 7211       1       jdk.internal.misc.Unsafe::freeMemory (18 bytes)
Event: 16.306 Thread 0x0000015388ca2820 7212       1       jdk.internal.misc.Unsafe::freeMemoryChecks (7 bytes)
Event: 16.307 Thread 0x0000015388ca2820 nmethod 7212 0x00000153f8224b90 code [0x00000153f8224d20, 0x00000153f8224df8]
Event: 16.307 Thread 0x0000015388c8e090 nmethod 7211 0x00000153f8224e90 code [0x00000153f8225040, 0x00000153f82251b8]

GC Heap History (20 events):
Event: 14.585 GC heap after
{Heap after GC invocations=20 (full 0):
 garbage-first heap   total 94208K, used 37988K [0x0000000702000000, 0x0000000800000000)
  region size 2048K, 2 young (4096K), 2 survivors (4096K)
 Metaspace       used 61119K, committed 61632K, reserved 1105920K
  class space    used 7922K, committed 8128K, reserved 1048576K
}
Event: 15.003 GC heap before
{Heap before GC invocations=20 (full 0):
 garbage-first heap   total 94208K, used 72804K [0x0000000702000000, 0x0000000800000000)
  region size 2048K, 20 young (40960K), 2 survivors (4096K)
 Metaspace       used 64377K, committed 64896K, reserved 1105920K
  class space    used 8167K, committed 8448K, reserved 1048576K
}
Event: 15.006 GC heap after
{Heap after GC invocations=21 (full 0):
 garbage-first heap   total 94208K, used 39603K [0x0000000702000000, 0x0000000800000000)
  region size 2048K, 2 young (4096K), 2 survivors (4096K)
 Metaspace       used 64377K, committed 64896K, reserved 1105920K
  class space    used 8167K, committed 8448K, reserved 1048576K
}
Event: 15.517 GC heap before
{Heap before GC invocations=21 (full 0):
 garbage-first heap   total 94208K, used 72371K [0x0000000702000000, 0x0000000800000000)
  region size 2048K, 19 young (38912K), 2 survivors (4096K)
 Metaspace       used 67012K, committed 67520K, reserved 1114112K
  class space    used 8506K, committed 8768K, reserved 1048576K
}
Event: 15.520 GC heap after
{Heap after GC invocations=22 (full 0):
 garbage-first heap   total 94208K, used 42389K [0x0000000702000000, 0x0000000800000000)
  region size 2048K, 3 young (6144K), 3 survivors (6144K)
 Metaspace       used 67012K, committed 67520K, reserved 1114112K
  class space    used 8506K, committed 8768K, reserved 1048576K
}
Event: 15.645 GC heap before
{Heap before GC invocations=22 (full 0):
 garbage-first heap   total 94208K, used 73109K [0x0000000702000000, 0x0000000800000000)
  region size 2048K, 19 young (38912K), 3 survivors (6144K)
 Metaspace       used 67012K, committed 67520K, reserved 1114112K
  class space    used 8506K, committed 8768K, reserved 1048576K
}
Event: 15.654 GC heap after
{Heap after GC invocations=23 (full 0):
 garbage-first heap   total 94208K, used 49029K [0x0000000702000000, 0x0000000800000000)
  region size 2048K, 3 young (6144K), 3 survivors (6144K)
 Metaspace       used 67012K, committed 67520K, reserved 1114112K
  class space    used 8506K, committed 8768K, reserved 1048576K
}
Event: 15.736 GC heap before
{Heap before GC invocations=23 (full 0):
 garbage-first heap   total 94208K, used 71557K [0x0000000702000000, 0x0000000800000000)
  region size 2048K, 15 young (30720K), 3 survivors (6144K)
 Metaspace       used 67025K, committed 67520K, reserved 1114112K
  class space    used 8508K, committed 8768K, reserved 1048576K
}
Event: 15.742 GC heap after
{Heap after GC invocations=24 (full 0):
 garbage-first heap   total 114688K, used 55980K [0x0000000702000000, 0x0000000800000000)
  region size 2048K, 2 young (4096K), 2 survivors (4096K)
 Metaspace       used 67025K, committed 67520K, reserved 1114112K
  class space    used 8508K, committed 8768K, reserved 1048576K
}
Event: 15.977 GC heap before
{Heap before GC invocations=25 (full 0):
 garbage-first heap   total 114688K, used 82604K [0x0000000702000000, 0x0000000800000000)
  region size 2048K, 16 young (32768K), 2 survivors (4096K)
 Metaspace       used 67072K, committed 67648K, reserved 1114112K
  class space    used 8514K, committed 8832K, reserved 1048576K
}
Event: 15.983 GC heap after
{Heap after GC invocations=26 (full 0):
 garbage-first heap   total 114688K, used 65086K [0x0000000702000000, 0x0000000800000000)
  region size 2048K, 2 young (4096K), 2 survivors (4096K)
 Metaspace       used 67072K, committed 67648K, reserved 1114112K
  class space    used 8514K, committed 8832K, reserved 1048576K
}
Event: 16.032 GC heap before
{Heap before GC invocations=26 (full 0):
 garbage-first heap   total 114688K, used 85566K [0x0000000702000000, 0x0000000800000000)
  region size 2048K, 13 young (26624K), 2 survivors (4096K)
 Metaspace       used 67072K, committed 67648K, reserved 1114112K
  class space    used 8514K, committed 8832K, reserved 1048576K
}
Event: 16.036 GC heap after
{Heap after GC invocations=27 (full 0):
 garbage-first heap   total 114688K, used 70353K [0x0000000702000000, 0x0000000800000000)
  region size 2048K, 2 young (4096K), 2 survivors (4096K)
 Metaspace       used 67072K, committed 67648K, reserved 1114112K
  class space    used 8514K, committed 8832K, reserved 1048576K
}
Event: 16.101 GC heap before
{Heap before GC invocations=27 (full 0):
 garbage-first heap   total 114688K, used 86737K [0x0000000702000000, 0x0000000800000000)
  region size 2048K, 11 young (22528K), 2 survivors (4096K)
 Metaspace       used 67072K, committed 67648K, reserved 1114112K
  class space    used 8514K, committed 8832K, reserved 1048576K
}
Event: 16.104 GC heap after
{Heap after GC invocations=28 (full 0):
 garbage-first heap   total 114688K, used 74896K [0x0000000702000000, 0x0000000800000000)
  region size 2048K, 2 young (4096K), 2 survivors (4096K)
 Metaspace       used 67072K, committed 67648K, reserved 1114112K
  class space    used 8514K, committed 8832K, reserved 1048576K
}
Event: 16.160 GC heap before
{Heap before GC invocations=29 (full 0):
 garbage-first heap   total 143360K, used 91280K [0x0000000702000000, 0x0000000800000000)
  region size 2048K, 10 young (20480K), 2 survivors (4096K)
 Metaspace       used 67073K, committed 67648K, reserved 1114112K
  class space    used 8514K, committed 8832K, reserved 1048576K
}
Event: 16.169 GC heap after
{Heap after GC invocations=30 (full 0):
 garbage-first heap   total 143360K, used 82140K [0x0000000702000000, 0x0000000800000000)
  region size 2048K, 2 young (4096K), 2 survivors (4096K)
 Metaspace       used 67073K, committed 67648K, reserved 1114112K
  class space    used 8514K, committed 8832K, reserved 1048576K
}
Event: 16.233 GC heap before
{Heap before GC invocations=30 (full 0):
 garbage-first heap   total 143360K, used 84188K [0x0000000702000000, 0x0000000800000000)
  region size 2048K, 3 young (6144K), 2 survivors (4096K)
 Metaspace       used 67073K, committed 67648K, reserved 1114112K
  class space    used 8514K, committed 8832K, reserved 1048576K
}
Event: 16.237 GC heap after
{Heap after GC invocations=31 (full 0):
 garbage-first heap   total 143360K, used 79242K [0x0000000702000000, 0x0000000800000000)
  region size 2048K, 1 young (2048K), 1 survivors (2048K)
 Metaspace       used 67073K, committed 67648K, reserved 1114112K
  class space    used 8514K, committed 8832K, reserved 1048576K
}
Event: 16.347 GC heap before
{Heap before GC invocations=31 (full 0):
 garbage-first heap   total 143360K, used 103818K [0x0000000702000000, 0x0000000800000000)
  region size 2048K, 14 young (28672K), 1 survivors (2048K)
 Metaspace       used 67073K, committed 67648K, reserved 1114112K
  class space    used 8514K, committed 8832K, reserved 1048576K
}

Deoptimization events (20 events):
Event: 16.307 Thread 0x00000153ff1123c0 DEOPT PACKING pc=0x00000153f81169ec sp=0x00000032709fe1f0
Event: 16.307 Thread 0x00000153ff1123c0 DEOPT UNPACKING pc=0x00000153f72f2b43 sp=0x00000032709fd6a8 mode 1
Event: 16.307 Thread 0x00000153ff1123c0 DEOPT PACKING pc=0x00000153f81b1b0c sp=0x00000032709fe380
Event: 16.307 Thread 0x00000153ff1123c0 DEOPT UNPACKING pc=0x00000153f72f2b43 sp=0x00000032709fd920 mode 1
Event: 16.307 Thread 0x00000153ff1123c0 DEOPT PACKING pc=0x00000153f81be544 sp=0x00000032709fe510
Event: 16.307 Thread 0x00000153ff1123c0 DEOPT UNPACKING pc=0x00000153f72f2b43 sp=0x00000032709fd9a8 mode 1
Event: 16.307 Thread 0x00000153ff1123c0 DEOPT PACKING pc=0x00000153f8136fc4 sp=0x00000032709fdff0
Event: 16.307 Thread 0x00000153ff1123c0 DEOPT UNPACKING pc=0x00000153f72f2b43 sp=0x00000032709fd4b0 mode 1
Event: 16.307 Thread 0x00000153ff1123c0 DEOPT PACKING pc=0x00000153f8145d54 sp=0x00000032709fe0a0
Event: 16.307 Thread 0x00000153ff1123c0 DEOPT UNPACKING pc=0x00000153f72f2b43 sp=0x00000032709fd5d8 mode 1
Event: 16.307 Thread 0x00000153ff1123c0 DEOPT PACKING pc=0x00000153f81433cc sp=0x00000032709fe1e0
Event: 16.307 Thread 0x00000153ff1123c0 DEOPT UNPACKING pc=0x00000153f72f2b43 sp=0x00000032709fd700 mode 1
Event: 16.307 Thread 0x00000153ff1123c0 DEOPT PACKING pc=0x00000153f81ad41c sp=0x00000032709fe2d0
Event: 16.307 Thread 0x00000153ff1123c0 DEOPT UNPACKING pc=0x00000153f72f2b43 sp=0x00000032709fd7c8 mode 1
Event: 16.307 Thread 0x00000153ff1123c0 DEOPT PACKING pc=0x00000153f81169ec sp=0x00000032709fe1f0
Event: 16.307 Thread 0x00000153ff1123c0 DEOPT UNPACKING pc=0x00000153f72f2b43 sp=0x00000032709fd6a8 mode 1
Event: 16.307 Thread 0x00000153ff1123c0 DEOPT PACKING pc=0x00000153f81b1b0c sp=0x00000032709fe380
Event: 16.307 Thread 0x00000153ff1123c0 DEOPT UNPACKING pc=0x00000153f72f2b43 sp=0x00000032709fd920 mode 1
Event: 16.307 Thread 0x00000153ff1123c0 DEOPT PACKING pc=0x00000153f81be544 sp=0x00000032709fe510
Event: 16.307 Thread 0x00000153ff1123c0 DEOPT UNPACKING pc=0x00000153f72f2b43 sp=0x00000032709fd9a8 mode 1

Classes unloaded (12 events):
Event: 14.289 Thread 0x00000153fee7f7c0 Unloading class 0x0000000801248400 'jdk/internal/reflect/GeneratedSerializationConstructorAccessor8'
Event: 14.289 Thread 0x00000153fee7f7c0 Unloading class 0x0000000801248000 'jdk/internal/reflect/GeneratedSerializationConstructorAccessor7'
Event: 15.792 Thread 0x00000153fee7f7c0 Unloading class 0x0000000801428400 'jdk/internal/reflect/GeneratedSerializationConstructorAccessor18'
Event: 15.792 Thread 0x00000153fee7f7c0 Unloading class 0x0000000801428000 'jdk/internal/reflect/GeneratedSerializationConstructorAccessor17'
Event: 15.792 Thread 0x00000153fee7f7c0 Unloading class 0x000000080141cc00 'jdk/internal/reflect/GeneratedSerializationConstructorAccessor16'
Event: 15.792 Thread 0x00000153fee7f7c0 Unloading class 0x000000080141c800 'jdk/internal/reflect/GeneratedSerializationConstructorAccessor15'
Event: 15.792 Thread 0x00000153fee7f7c0 Unloading class 0x000000080141c000 'jdk/internal/reflect/GeneratedSerializationConstructorAccessor14'
Event: 15.792 Thread 0x00000153fee7f7c0 Unloading class 0x0000000801408800 'jdk/internal/reflect/GeneratedSerializationConstructorAccessor13'
Event: 15.792 Thread 0x00000153fee7f7c0 Unloading class 0x0000000801408000 'jdk/internal/reflect/GeneratedSerializationConstructorAccessor12'
Event: 15.792 Thread 0x00000153fee7f7c0 Unloading class 0x0000000801248400 'jdk/internal/reflect/GeneratedSerializationConstructorAccessor11'
Event: 15.792 Thread 0x00000153fee7f7c0 Unloading class 0x0000000801248000 'jdk/internal/reflect/GeneratedSerializationConstructorAccessor10'
Event: 15.792 Thread 0x00000153fee7f7c0 Unloading class 0x00000008013fd800 'jdk/internal/reflect/GeneratedSerializationConstructorAccessor9'

Classes redefined (0 events):
No events

Internal exceptions (20 events):
Event: 16.304 Thread 0x00000153ff1123c0 Exception <a 'sun/nio/fs/WindowsException'{0x0000000711d9dc08}> (0x0000000711d9dc08) 
thrown [t:\workspace\open\src\hotspot\share\prims\jni.cpp, line 516]
Event: 16.304 Thread 0x00000153ff1123c0 Exception <a 'sun/nio/fs/WindowsException'{0x0000000711d9e168}> (0x0000000711d9e168) 
thrown [t:\workspace\open\src\hotspot\share\prims\jni.cpp, line 516]
Event: 16.305 Thread 0x00000153ff1123c0 Exception <a 'sun/nio/fs/WindowsException'{0x0000000711d9ed20}> (0x0000000711d9ed20) 
thrown [t:\workspace\open\src\hotspot\share\prims\jni.cpp, line 516]
Event: 16.305 Thread 0x00000153ff1123c0 Exception <a 'sun/nio/fs/WindowsException'{0x0000000711d9f2f8}> (0x0000000711d9f2f8) 
thrown [t:\workspace\open\src\hotspot\share\prims\jni.cpp, line 516]
Event: 16.305 Thread 0x00000153ff1123c0 Exception <a 'sun/nio/fs/WindowsException'{0x0000000711d9fe78}> (0x0000000711d9fe78) 
thrown [t:\workspace\open\src\hotspot\share\prims\jni.cpp, line 516]
Event: 16.305 Thread 0x00000153ff1123c0 Exception <a 'sun/nio/fs/WindowsException'{0x0000000711da03f0}> (0x0000000711da03f0) 
thrown [t:\workspace\open\src\hotspot\share\prims\jni.cpp, line 516]
Event: 16.305 Thread 0x00000153ff1123c0 Exception <a 'sun/nio/fs/WindowsException'{0x0000000711da0f38}> (0x0000000711da0f38) 
thrown [t:\workspace\open\src\hotspot\share\prims\jni.cpp, line 516]
Event: 16.305 Thread 0x00000153ff1123c0 Exception <a 'sun/nio/fs/WindowsException'{0x0000000711da1438}> (0x0000000711da1438) 
thrown [t:\workspace\open\src\hotspot\share\prims\jni.cpp, line 516]
Event: 16.306 Thread 0x00000153ff1123c0 Exception <a 'sun/nio/fs/WindowsException'{0x0000000711da1f98}> (0x0000000711da1f98) 
thrown [t:\workspace\open\src\hotspot\share\prims\jni.cpp, line 516]
Event: 16.306 Thread 0x00000153ff1123c0 Exception <a 'sun/nio/fs/WindowsException'{0x0000000711da24d0}> (0x0000000711da24d0) 
thrown [t:\workspace\open\src\hotspot\share\prims\jni.cpp, line 516]
Event: 16.306 Thread 0x00000153ff1123c0 Exception <a 'sun/nio/fs/WindowsException'{0x0000000711da3018}> (0x0000000711da3018) 
thrown [t:\workspace\open\src\hotspot\share\prims\jni.cpp, line 516]
Event: 16.306 Thread 0x00000153ff1123c0 Exception <a 'sun/nio/fs/WindowsException'{0x0000000711da3530}> (0x0000000711da3530) 
thrown [t:\workspace\open\src\hotspot\share\prims\jni.cpp, line 516]
Event: 16.306 Thread 0x00000153ff1123c0 Exception <a 'sun/nio/fs/WindowsException'{0x0000000711da4090}> (0x0000000711da4090) 
thrown [t:\workspace\open\src\hotspot\share\prims\jni.cpp, line 516]
Event: 16.306 Thread 0x00000153ff1123c0 Exception <a 'sun/nio/fs/WindowsException'{0x0000000711da45c8}> (0x0000000711da45c8) 
thrown [t:\workspace\open\src\hotspot\share\prims\jni.cpp, line 516]
Event: 16.306 Thread 0x00000153ff1123c0 Exception <a 'sun/nio/fs/WindowsException'{0x0000000711da5148}> (0x0000000711da5148) 
thrown [t:\workspace\open\src\hotspot\share\prims\jni.cpp, line 516]
Event: 16.306 Thread 0x00000153ff1123c0 Exception <a 'sun/nio/fs/WindowsException'{0x0000000711da56c0}> (0x0000000711da56c0) 
thrown [t:\workspace\open\src\hotspot\share\prims\jni.cpp, line 516]
Event: 16.307 Thread 0x00000153ff1123c0 Exception <a 'sun/nio/fs/WindowsException'{0x0000000711da6260}> (0x0000000711da6260) 
thrown [t:\workspace\open\src\hotspot\share\prims\jni.cpp, line 516]
Event: 16.307 Thread 0x00000153ff1123c0 Exception <a 'sun/nio/fs/WindowsException'{0x0000000711da6808}> (0x0000000711da6808) 
thrown [t:\workspace\open\src\hotspot\share\prims\jni.cpp, line 516]
Event: 16.307 Thread 0x00000153ff1123c0 Exception <a 'sun/nio/fs/WindowsException'{0x0000000711da73a0}> (0x0000000711da73a0) 
thrown [t:\workspace\open\src\hotspot\share\prims\jni.cpp, line 516]
Event: 16.307 Thread 0x00000153ff1123c0 Exception <a 'sun/nio/fs/WindowsException'{0x0000000711da7938}> (0x0000000711da7938) 
thrown [t:\workspace\open\src\hotspot\share\prims\jni.cpp, line 516]

VM Operations (20 events):
Event: 16.339 Executing VM operation: ICBufferFull done
Event: 16.340 Executing VM operation: ICBufferFull
Event: 16.340 Executing VM operation: ICBufferFull done
Event: 16.340 Executing VM operation: ICBufferFull
Event: 16.341 Executing VM operation: ICBufferFull done
Event: 16.341 Executing VM operation: ICBufferFull
Event: 16.342 Executing VM operation: ICBufferFull done
Event: 16.342 Executing VM operation: ICBufferFull
Event: 16.344 Executing VM operation: ICBufferFull done
Event: 16.344 Executing VM operation: ICBufferFull
Event: 16.344 Executing VM operation: ICBufferFull done
Event: 16.344 Executing VM operation: ICBufferFull
Event: 16.345 Executing VM operation: ICBufferFull done
Event: 16.345 Executing VM operation: ICBufferFull
Event: 16.345 Executing VM operation: ICBufferFull done
Event: 16.345 Executing VM operation: ICBufferFull
Event: 16.346 Executing VM operation: ICBufferFull done
Event: 16.346 Executing VM operation: ICBufferFull
Event: 16.347 Executing VM operation: ICBufferFull done
Event: 16.347 Executing VM operation: G1CollectForAllocation

Events (20 events):
Event: 16.192 Thread 0x000001538cf447f0 Thread exited: 0x000001538cf447f0
Event: 16.192 Thread 0x000001538cf3de10 Thread exited: 0x000001538cf3de10
Event: 16.193 Thread 0x000001538cf42640 Thread exited: 0x000001538cf42640
Event: 16.193 Thread 0x000001538cf3ffc0 Thread exited: 0x000001538cf3ffc0
Event: 16.193 Thread 0x000001538cf417d0 Thread exited: 0x000001538cf417d0
Event: 16.193 Thread 0x00000153ff112d60 Thread exited: 0x00000153ff112d60
Event: 16.300 Thread 0x00000153ff113230 Thread added: 0x00000153ff113230
Event: 16.300 Thread 0x00000153ff1123c0 Thread added: 0x00000153ff1123c0
Event: 16.301 Thread 0x00000153ff112d60 Thread added: 0x00000153ff112d60
Event: 16.301 Thread 0x000001538f953670 Thread added: 0x000001538f953670
Event: 16.301 Thread 0x000001538f954010 Thread added: 0x000001538f954010
Event: 16.301 Thread 0x000001538f952cd0 Thread added: 0x000001538f952cd0
Event: 16.301 Thread 0x000001538f953b40 Thread added: 0x000001538f953b40
Event: 16.301 Thread 0x000001538f9549b0 Thread added: 0x000001538f9549b0
Event: 16.301 Thread 0x000001538f950ff0 Thread added: 0x000001538f950ff0
Event: 16.301 Thread 0x000001538f952330 Thread added: 0x000001538f952330
Event: 16.301 Thread 0x000001538f9514c0 Thread added: 0x000001538f9514c0
Event: 16.302 Thread 0x000001538f955350 Thread added: 0x000001538f955350
Event: 16.302 Thread 0x000001538f9544e0 Thread added: 0x000001538f9544e0
Event: 16.303 Thread 0x000001538f956690 Thread added: 0x000001538f956690


Dynamic libraries:
0x00007ff78a910000 - 0x00007ff78a91e000 	C:\Users\17524\.jdks\jdk-17\bin\java.exe
0x00007ffca1d70000 - 0x00007ffca1f84000 	C:\WINDOWS\SYSTEM32\ntdll.dll
0x00007ffc9fb50000 - 0x00007ffc9fc12000 	C:\WINDOWS\System32\KERNEL32.DLL
0x00007ffc9f170000 - 0x00007ffc9f513000 	C:\WINDOWS\System32\KERNELBASE.dll
0x00007ffc9f550000 - 0x00007ffc9f661000 	C:\WINDOWS\System32\ucrtbase.dll
0x00007ffc836b0000 - 0x00007ffc836c8000 	C:\Users\17524\.jdks\jdk-17\bin\jli.dll
0x00007ffc78a50000 - 0x00007ffc78a6a000 	C:\Users\17524\.jdks\jdk-17\bin\VCRUNTIME140.dll
0x00007ffca0750000 - 0x00007ffca08fb000 	C:\WINDOWS\System32\USER32.dll
0x00007ffc7fa40000 - 0x00007ffc7fcce000 	C:\WINDOWS\WinSxS\amd64_microsoft.windows.common-controls_6595b64144ccf1df_6.0.22621.1635_none_270f70857386168e\COMCTL32.dll
0x00007ffc9f520000 - 0x00007ffc9f546000 	C:\WINDOWS\System32\win32u.dll
0x00007ffc9feb0000 - 0x00007ffc9ff57000 	C:\WINDOWS\System32\msvcrt.dll
0x00007ffc9fcd0000 - 0x00007ffc9fcf9000 	C:\WINDOWS\System32\GDI32.dll
0x00007ffc9f9c0000 - 0x00007ffc9fad9000 	C:\WINDOWS\System32\gdi32full.dll
0x00007ffc9f6f0000 - 0x00007ffc9f78a000 	C:\WINDOWS\System32\msvcp_win.dll
0x00007ffca05a0000 - 0x00007ffca05d1000 	C:\WINDOWS\System32\IMM32.DLL
0x0000000063450000 - 0x000000006345d000 	F:\program\360safe\safemon\SafeWrapper.dll
0x00007ffc9fc20000 - 0x00007ffc9fcce000 	C:\WINDOWS\System32\ADVAPI32.dll
0x00007ffca05e0000 - 0x00007ffca0684000 	C:\WINDOWS\System32\sechost.dll
0x00007ffca0c90000 - 0x00007ffca0da7000 	C:\WINDOWS\System32\RPCRT4.dll
0x00007ffc827f0000 - 0x00007ffc8289e000 	F:\program\360safe\safemon\libzdtp64.dll
0x00007ffca1360000 - 0x00007ffca1b5a000 	C:\WINDOWS\System32\SHELL32.dll
0x00007ffca1cd0000 - 0x00007ffca1d2e000 	C:\WINDOWS\System32\SHLWAPI.dll
0x00007ffc9edb0000 - 0x00007ffc9edba000 	C:\WINDOWS\SYSTEM32\VERSION.dll
0x00007ffc83850000 - 0x00007ffc8385c000 	C:\Users\17524\.jdks\jdk-17\bin\vcruntime140_1.dll
0x00007ffc6c330000 - 0x00007ffc6c3bd000 	C:\Users\17524\.jdks\jdk-17\bin\msvcp140.dll
0x00007ffc37e30000 - 0x00007ffc389ee000 	C:\Users\17524\.jdks\jdk-17\bin\server\jvm.dll
0x00007ffc9fea0000 - 0x00007ffc9fea8000 	C:\WINDOWS\System32\PSAPI.DLL
0x00007ffc95290000 - 0x00007ffc952c4000 	C:\WINDOWS\SYSTEM32\WINMM.dll
0x00007ffc78ea0000 - 0x00007ffc78ea9000 	C:\WINDOWS\SYSTEM32\WSOCK32.dll
0x00007ffca0060000 - 0x00007ffca00d1000 	C:\WINDOWS\System32\WS2_32.dll
0x00007ffc9e200000 - 0x00007ffc9e218000 	C:\WINDOWS\SYSTEM32\kernel.appcore.dll
0x00007ffc83800000 - 0x00007ffc8380a000 	C:\Users\17524\.jdks\jdk-17\bin\jimage.dll
0x00007ffc9ca80000 - 0x00007ffc9ccae000 	C:\WINDOWS\SYSTEM32\DBGHELP.DLL
0x00007ffca0900000 - 0x00007ffca0c89000 	C:\WINDOWS\System32\combase.dll
0x00007ffca1b60000 - 0x00007ffca1c37000 	C:\WINDOWS\System32\OLEAUT32.dll
0x00007ffc8c590000 - 0x00007ffc8c5c2000 	C:\WINDOWS\SYSTEM32\dbgcore.DLL
0x00007ffc9f670000 - 0x00007ffc9f6eb000 	C:\WINDOWS\System32\bcryptPrimitives.dll
0x00007ffc75330000 - 0x00007ffc7536b000 	C:\Users\17524\.jdks\jdk-17\bin\jdwp.dll
0x00007ffc6d710000 - 0x00007ffc6d71e000 	C:\Users\17524\.jdks\jdk-17\bin\instrument.dll
0x00007ffc6d850000 - 0x00007ffc6d875000 	C:\Users\17524\.jdks\jdk-17\bin\java.dll
0x00007ffc6c2e0000 - 0x00007ffc6c2f8000 	C:\Users\17524\.jdks\jdk-17\bin\zip.dll
0x00007ffc3e850000 - 0x00007ffc3e926000 	C:\Users\17524\.jdks\jdk-17\bin\svml.dll
0x00007ffc9d0c0000 - 0x00007ffc9d98e000 	C:\WINDOWS\SYSTEM32\windows.storage.dll
0x00007ffc9cf80000 - 0x00007ffc9d0be000 	C:\WINDOWS\SYSTEM32\wintypes.dll
0x00007ffca04a0000 - 0x00007ffca0591000 	C:\WINDOWS\System32\SHCORE.dll
0x00007ffc9f0a0000 - 0x00007ffc9f0c1000 	C:\WINDOWS\SYSTEM32\profapi.dll
0x00007ffc6d700000 - 0x00007ffc6d70c000 	C:\Users\17524\.jdks\jdk-17\bin\dt_socket.dll
0x00007ffc9dbe0000 - 0x00007ffc9dc0d000 	C:\WINDOWS\SYSTEM32\IPHLPAPI.DLL
0x00007ffc9e660000 - 0x00007ffc9e6c9000 	C:\WINDOWS\system32\mswsock.dll
0x00007ffc6db20000 - 0x00007ffc6db39000 	C:\Users\17524\.jdks\jdk-17\bin\net.dll
0x00007ffc97450000 - 0x00007ffc97587000 	C:\WINDOWS\SYSTEM32\WINHTTP.dll
0x00007ffc6d6e0000 - 0x00007ffc6d6f5000 	C:\Users\17524\.jdks\jdk-17\bin\nio.dll
0x00007ffc71670000 - 0x00007ffc716bb000 	C:\Program Files (x86)\Sangfor\SSL\ClientComponent\SangforNspX64.dll
0x00007ffc9fd00000 - 0x00007ffc9fe9c000 	C:\WINDOWS\System32\ole32.dll
0x00007ffc9dc10000 - 0x00007ffc9dd03000 	C:\WINDOWS\SYSTEM32\DNSAPI.dll
0x00007ffca0690000 - 0x00007ffca0699000 	C:\WINDOWS\System32\NSI.dll
0x00007ffc946f0000 - 0x00007ffc946fa000 	C:\Windows\System32\rasadhlp.dll
0x00007ffc95180000 - 0x00007ffc95204000 	C:\WINDOWS\System32\fwpuclnt.dll
0x00007ffc77c50000 - 0x00007ffc77c59000 	C:\Users\17524\.jdks\jdk-17\bin\management.dll
0x00007ffc75380000 - 0x00007ffc7538b000 	C:\Users\17524\.jdks\jdk-17\bin\management_ext.dll
0x00007ffc9e980000 - 0x00007ffc9e99b000 	C:\WINDOWS\SYSTEM32\CRYPTSP.dll
0x00007ffc9e170000 - 0x00007ffc9e1a5000 	C:\WINDOWS\system32\rsaenh.dll
0x00007ffc9e700000 - 0x00007ffc9e728000 	C:\WINDOWS\SYSTEM32\USERENV.dll
0x00007ffc9eab0000 - 0x00007ffc9ead8000 	C:\WINDOWS\SYSTEM32\bcrypt.dll
0x00007ffc9e960000 - 0x00007ffc9e96c000 	C:\WINDOWS\SYSTEM32\CRYPTBASE.dll
0x00007ffc975e0000 - 0x00007ffc975f9000 	C:\WINDOWS\SYSTEM32\dhcpcsvc6.DLL
0x00007ffc97590000 - 0x00007ffc975af000 	C:\WINDOWS\SYSTEM32\dhcpcsvc.DLL
0x00007ffc826b0000 - 0x00007ffc826c7000 	C:\WINDOWS\system32\napinsp.dll
0x00007ffc81ee0000 - 0x00007ffc81efb000 	C:\WINDOWS\system32\pnrpnsp.dll
0x00007ffc6ec10000 - 0x00007ffc6ec21000 	C:\WINDOWS\System32\winrnr.dll
0x00007ffc949d0000 - 0x00007ffc949e5000 	C:\WINDOWS\system32\wshbth.dll
0x00007ffc75320000 - 0x00007ffc75330000 	C:\Users\17524\.jdks\jdk-17\bin\verify.dll
0x0000000180000000 - 0x0000000180288000 	D:\program\BCheng\apache-tomcat-9.0.69\bin\tcnative-1.dll
0x00007ffc9f790000 - 0x00007ffc9f8f7000 	C:\WINDOWS\System32\CRYPT32.dll
0x00007ffc75370000 - 0x00007ffc7537e000 	C:\Users\17524\.jdks\jdk-17\bin\sunmscapi.dll
0x00007ffc9ea80000 - 0x00007ffc9eaae000 	C:\WINDOWS\SYSTEM32\ncrypt.dll
0x00007ffc9ea40000 - 0x00007ffc9ea77000 	C:\WINDOWS\SYSTEM32\NTASN1.dll
0x00007ffc6e290000 - 0x00007ffc6e298000 	C:\WINDOWS\system32\wshunix.dll

dbghelp: loaded successfully - version: 4.0.5 - missing functions: none
symbol engine: initialized successfully - sym options: 0x614 - pdb path: .;C:\Users\17524\.jdks\jdk-17\bin;C:\WINDOWS\SYSTEM32;C:\WINDOWS\WinSxS\amd64_microsoft.windows.common-controls_6595b64144ccf1df_6.0.22621.1635_none_270f70857386168e;F:\program\360safe\safemon;C:\Users\17524\.jdks\jdk-17\bin\server;C:\Program Files (x86)\Sangfor\SSL\ClientComponent;D:\program\BCheng\apache-tomcat-9.0.69\bin

VM Arguments:
jvm_args: -agentlib:jdwp=transport=dt_socket,address=127.0.0.1:7221,suspend=y,server=n -XX:TieredStopAtLevel=1 -Dspring.output.ansi.enabled=always -Dcom.sun.management.jmxremote -Dspring.jmx.enabled=true -Dspring.liveBeansView.mbeanDomain -Dspring.application.admin.enabled=true -javaagent:C:\Users\17524\AppData\Local\JetBrains\IntelliJIdea2022.2\captureAgent\debugger-agent.jar=file:/C:/Users/17524/AppData/Local/Temp/capture.props -Dfile.encoding=UTF-8 
java_command: com.example.ergo.ErgoApplication
java_class_path (initial): C:\Users\17524\Desktop\\Redis\\GitHub\ErGo\Ergo-backend\target\classes;C:\Users\17524\.m2\repository\org\springframework\boot\spring-boot-starter-data-redis\3.1.3\spring-boot-starter-data-redis-3.1.3.jar;C:\Users\17524\.m2\repository\org\springframework\boot\spring-boot-starter\3.1.3\spring-boot-starter-3.1.3.jar;C:\Users\17524\.m2\repository\org\springframework\boot\spring-boot-starter-logging\3.1.3\spring-boot-starter-logging-3.1.3.jar;C:\Users\17524\.m2\repository\ch\qos\logback\logback-classic\1.4.11\logback-classic-1.4.11.jar;C:\Users\17524\.m2\repository\ch\qos\logback\logback-core\1.4.11\logback-core-1.4.11.jar;C:\Users\17524\.m2\repository\org\apache\logging\log4j\log4j-to-slf4j\2.20.0\log4j-to-slf4j-2.20.0.jar;C:\Users\17524\.m2\repository\org\slf4j\jul-to-slf4j\2.0.7\jul-to-slf4j-2.0.7.jar;C:\Users\17524\.m2\repository\jakarta\annotation\jakarta.annotation-api\2.1.1\jakarta.annotation-api-2.1.1.jar;C:\Users\17524\.m2\repository\org\yaml\snakeyaml\1.33\snakeyaml-1.33.jar;C:\Users\17524\.m2\repository\org\springframework\data\spring-data-redis\3.1.3\spring-data-redis-3.1.3.jar;C:\Users\17524\.m2\repository\org\springframework\data\spring-data-keyvalue\3.1.3\spring-data-keyvalue-3.1.3.jar;C:\Users\17524\.m2\repository\org\springframework\data\spring-data-commons\3.1.3\spring-data-commons-3.1.3.jar;C:\Users\17524\.m2\repository\org\springframework\spring-oxm\6.0.11\spring-oxm-6.0.11.jar;C:\Users\17524\.m2\repository\org\slf4j\slf4j-api\2.0.7\slf4j-api-2.0.7.jar;C:\Users\17524\.m2\repository\io\lettuce\lettuce-core\6.2.6.RELEASE\lettuce-core-6.2.6.RELEASE.jar;C:\Users\17524\.m2\repository\io\netty\netty-common\4.1.97.Final\netty-common-4.1.97.Final.jar;C:\Users\17524\.m2\repository\io\netty\netty-handler\4.1.97.Final\netty-handler-4.1.97.Final.jar;C:\Users\17524\.m2\repository\io\netty\netty-resolver\4.1.97.Final\netty-resolver-4.1.97.Final.jar;C:\Users\17524\.m2\repository\io\netty\netty-buffer\4.1.97.Final\netty-buffer-4.1
Launcher Type: SUN_STANDARD

[Global flags]
     intx CICompilerCount                          = 4                                         {product} {ergonomic}
     uint ConcGCThreads                            = 2                                         {product} {ergonomic}
     uint G1ConcRefinementThreads                  = 8                                         {product} {ergonomic}
   size_t G1HeapRegionSize                         = 2097152                                   {product} {ergonomic}
    uintx GCDrainStackTargetSize                   = 64                                        {product} {ergonomic}
   size_t InitialHeapSize                          = 266338304                                 {product} {ergonomic}
     bool ManagementServer                         = true                                      {product} {command line}
   size_t MarkStackSize                            = 4194304                                   {product} {ergonomic}
   size_t MaxHeapSize                              = 4261412864                                {product} {ergonomic}
   size_t MaxNewSize                               = 2556428288                                {product} {ergonomic}
   size_t MinHeapDeltaBytes                        = 2097152                                   {product} {ergonomic}
   size_t MinHeapSize                              = 8388608                                   {product} {ergonomic}
    uintx NonProfiledCodeHeapSize                  = 0                                      {pd product} {ergonomic}
     bool ProfileInterpreter                       = false                                  {pd product} {command line}
    uintx ProfiledCodeHeapSize                     = 0                                      {pd product} {ergonomic}
   size_t SoftMaxHeapSize                          = 4261412864                             {manageable} {ergonomic}
     intx TieredStopAtLevel                        = 1                                         {product} {command line}
     bool UseCompressedClassPointers               = true                           {product lp64_product} {ergonomic}
     bool UseCompressedOops                        = true                           {product lp64_product} {ergonomic}
     bool UseG1GC                                  = true                                      {product} {ergonomic}
     bool UseLargePagesIndividualAllocation        = false                                  {pd product} {ergonomic}

Logging:
Log output configuration:
 #0: stdout all=warning uptime,level,tags
 #1: stderr all=off uptime,level,tags

Environment Variables:
JAVA_HOME=C:\Program Files\Java\jdk1.8.0_161
PATH=G:\oracle-19C\bin;C:\Program Files\Java\jdk1.8.0_161\bin;C:\Program Files\Common Files\Oracle\Java\javapath;C:\Program Files\Java\jdk-17\bin;C:\ProgramData\Oracle\Java\javapath;D:\program\student\vm\bin\;C:\WINDOWS\system32;C:\WINDOWS;C:\WINDOWS\System32\Wbem;C:\WINDOWS\System32\WindowsPowerShell\v1.0\;C:\WINDOWS\System32\OpenSSH\;D:\program\BCheng\apache-maven-3.8.6\bin;D:\program\BCheng\apache-tomcat-9.0.69\bin;C:\ProgramData\chocolatey\bin;C:\Program Files\MySQL\MySQL Utilities 1.6\;C:\Program Files\MySQL\MySQL Server 5.7\bin;C:\Users\17524\AppData\Roaming\nvm;C:\Program Files\nodejs;F:\program\Xshell\;F:\program\xftp\;F:\program\Git\cmd;C:\Program Files (x86)\NVIDIA Corporation\PhysX\Common;C:\Program Files\NVIDIA Corporation\NVIDIA NvDLISR;F:\program\web\dll;C:\Program Files\Microsoft SQL Server\Client SDK\ODBC\170\Tools\Binn\;C:\Program Files\Microsoft SQL Server\150\Tools\Binn\;C:\Program Files\dotnet\;F:\program\erl-23.3\bin;F:\program\rabbitmq3.9.5\rabbitmq_server-3.9.5\sbin;C:\Program Files\TortoiseGit\bin;C:\Program Files\Docker\Docker\resources\bin;C:\Program Files\Microsoft SQL Server\130\Tools\Binn\;C:\Users\17524\AppData\Local\pnpm;C:\Users\17524\AppData\Local\Microsoft\WindowsApps;D:\program\Microsoft VS Code\bin;C:\Users\17524\AppData\Local\GitHubDesktop\bin;C:\Users\17524\AppData\Roaming\npm;;C:\Users\17524\.dotnet\tools
USERNAME=17524
OS=Windows_NT
PROCESSOR_IDENTIFIER=Intel64 Family 6 Model 165 Stepping 2, GenuineIntel



---------------  S Y S T E M  ---------------

OS:
 Windows 10 , 64 bit Build 22621 (10.0.22621.1778)
OS uptime: 1 days 5:27 hours
Hyper-V role detected

CPU: total 8 (initial active 8) (4 cores per cpu, 2 threads per core) family 6 model 165 stepping 2 microcode 0xe0, cx8, cmov, fxsr, ht, mmx, 3dnowpref, sse, sse2, sse3, ssse3, sse4.1, sse4.2, popcnt, lzcnt, tsc, tscinvbit, avx, avx2, aes, erms, clmul, bmi1, bmi2, adx, fma, vzeroupper, clflush, clflushopt, hv

Memory: 4k page, system-wide physical 16251M (2292M free)
TotalPageFile size 22251M (AvailPageFile size 36M)
current process WorkingSet (physical memory assigned to process): 317M, peak: 317M
current process commit charge ("private bytes"): 488M, peak: 562M

vm_info: OpenJDK 64-Bit Server VM (17+35-2724) for windows-amd64 JRE (17+35-2724), built on Aug  5 2021 23:26:02 by "mach5one" with MS VC++ 16.8 (VS2019)

END.
